2023-04-25 14:11:44.796 [background-preinit] INFO  org.hibernate.validator.internal.util.Version - HV000001: Hibernate Validator 8.0.0.Final
2023-04-25 14:11:44.813 [main] INFO  top.kjwang.ServerApplication - Starting ServerApplication using Java 17.0.6 with PID 47841 (/Users/wangkaijie/Desktop/api-boot/api-server/target/classes started by wangkaijie in /Users/wangkaijie/Desktop/api-boot)
2023-04-25 14:11:44.813 [main] INFO  top.kjwang.ServerApplication - The following 1 profile is active: "dev"
2023-04-25 14:11:45.134 [main] INFO  o.s.d.r.config.RepositoryConfigurationDelegate - Multiple Spring Data modules found, entering strict repository configuration mode
2023-04-25 14:11:45.134 [main] INFO  o.s.d.r.config.RepositoryConfigurationDelegate - Bootstrapping Spring Data Redis repositories in DEFAULT mode.
2023-04-25 14:11:45.150 [main] INFO  o.s.d.r.config.RepositoryConfigurationDelegate - Finished Spring Data repository scanning in 9 ms. Found 0 Redis repository interfaces.
2023-04-25 14:11:45.422 [main] INFO  o.s.boot.web.embedded.tomcat.TomcatWebServer - Tomcat initialized with port(s): 8080 (http)
2023-04-25 14:11:45.426 [main] INFO  org.apache.coyote.http11.Http11NioProtocol - Initializing ProtocolHandler ["http-nio-8080"]
2023-04-25 14:11:45.426 [main] INFO  org.apache.catalina.core.StandardService - Starting service [Tomcat]
2023-04-25 14:11:45.426 [main] INFO  org.apache.catalina.core.StandardEngine - Starting Servlet engine: [Apache Tomcat/10.1.7]
2023-04-25 14:11:45.462 [main] INFO  o.a.c.core.ContainerBase.[Tomcat].[localhost].[/] - Initializing Spring embedded WebApplicationContext
2023-04-25 14:11:45.462 [main] INFO  o.s.b.w.s.c.ServletWebServerApplicationContext - Root WebApplicationContext: initialization completed in 636 ms
2023-04-25 14:11:46.272 [main] INFO  o.s.security.web.DefaultSecurityFilterChain - Will secure any request with [org.springframework.security.web.session.DisableEncodeUrlFilter@645c9f0f, org.springframework.security.web.context.request.async.WebAsyncManagerIntegrationFilter@58068b40, org.springframework.security.web.context.SecurityContextHolderFilter@5f9ebd5a, org.springframework.security.web.header.HeaderWriterFilter@7ca0166c, org.springframework.security.web.authentication.logout.LogoutFilter@5d8e4fa8, top.kjwang.security.filter.AuthenticationTokenFilter@34549979, org.springframework.security.web.savedrequest.RequestCacheAwareFilter@2db3675a, org.springframework.security.web.servletapi.SecurityContextHolderAwareRequestFilter@306c9b2c, org.springframework.security.web.authentication.AnonymousAuthenticationFilter@999cd18, org.springframework.security.web.session.SessionManagementFilter@e18d2a2, org.springframework.security.web.access.ExceptionTranslationFilter@66716959, org.springframework.security.web.access.intercept.AuthorizationFilter@5972e3a]
2023-04-25 14:11:46.439 [main] INFO  org.apache.coyote.http11.Http11NioProtocol - Starting ProtocolHandler ["http-nio-8080"]
2023-04-25 14:11:46.449 [main] INFO  org.apache.coyote.http11.Http11NioProtocol - Pausing ProtocolHandler ["http-nio-8080"]
2023-04-25 14:11:46.449 [main] INFO  org.apache.catalina.core.StandardService - Stopping service [Tomcat]
2023-04-25 14:11:46.451 [main] INFO  org.apache.coyote.http11.Http11NioProtocol - Stopping ProtocolHandler ["http-nio-8080"]
2023-04-25 14:11:46.451 [main] INFO  org.apache.coyote.http11.Http11NioProtocol - Destroying ProtocolHandler ["http-nio-8080"]
2023-04-25 14:11:46.455 [main] INFO  o.s.b.a.logging.ConditionEvaluationReportLogger - 

Error starting ApplicationContext. To display the condition evaluation report re-run your application with 'debug' enabled.
