2023-04-29 09:42:21.763 [background-preinit] INFO  org.hibernate.validator.internal.util.Version - HV000001: Hibernate Validator 8.0.0.Final
2023-04-29 09:42:21.783 [main] INFO  top.kjwang.ServerApplication - Starting ServerApplication using Java 17.0.6 with PID 2441 (/Users/wangkaijie/Desktop/api-boot/api-server/target/classes started by wangkaijie in /Users/wangkaijie/Desktop/api-boot)
2023-04-29 09:42:21.783 [main] INFO  top.kjwang.ServerApplication - The following 1 profile is active: "dev"
2023-04-29 09:42:22.147 [main] INFO  o.s.d.r.config.RepositoryConfigurationDelegate - Multiple Spring Data modules found, entering strict repository configuration mode
2023-04-29 09:42:22.148 [main] INFO  o.s.d.r.config.RepositoryConfigurationDelegate - Bootstrapping Spring Data Redis repositories in DEFAULT mode.
2023-04-29 09:42:22.163 [main] INFO  o.s.d.r.config.RepositoryConfigurationDelegate - Finished Spring Data repository scanning in 9 ms. Found 0 Redis repository interfaces.
2023-04-29 09:42:22.467 [main] INFO  o.s.boot.web.embedded.tomcat.TomcatWebServer - Tomcat initialized with port(s): 8080 (http)
2023-04-29 09:42:22.471 [main] INFO  org.apache.coyote.http11.Http11NioProtocol - Initializing ProtocolHandler ["http-nio-8080"]
2023-04-29 09:42:22.471 [main] INFO  org.apache.catalina.core.StandardService - Starting service [Tomcat]
2023-04-29 09:42:22.472 [main] INFO  org.apache.catalina.core.StandardEngine - Starting Servlet engine: [Apache Tomcat/10.1.7]
2023-04-29 09:42:22.516 [main] INFO  o.a.c.core.ContainerBase.[Tomcat].[localhost].[/] - Initializing Spring embedded WebApplicationContext
2023-04-29 09:42:22.516 [main] INFO  o.s.b.w.s.c.ServletWebServerApplicationContext - Root WebApplicationContext: initialization completed in 718 ms
2023-04-29 09:42:23.120 [main] INFO  org.apache.catalina.core.StandardService - Stopping service [Tomcat]
2023-04-29 09:42:23.128 [main] INFO  o.s.b.a.logging.ConditionEvaluationReportLogger - 

Error starting ApplicationContext. To display the condition evaluation report re-run your application with 'debug' enabled.
2023-04-29 09:43:31.209 [background-preinit] INFO  org.hibernate.validator.internal.util.Version - HV000001: Hibernate Validator 8.0.0.Final
2023-04-29 09:43:31.225 [main] INFO  top.kjwang.ServerApplication - Starting ServerApplication using Java 17.0.6 with PID 2687 (/Users/wangkaijie/Desktop/api-boot/api-server/target/classes started by wangkaijie in /Users/wangkaijie/Desktop/api-boot)
2023-04-29 09:43:31.226 [main] INFO  top.kjwang.ServerApplication - The following 1 profile is active: "dev"
2023-04-29 09:43:31.588 [main] INFO  o.s.d.r.config.RepositoryConfigurationDelegate - Multiple Spring Data modules found, entering strict repository configuration mode
2023-04-29 09:43:31.589 [main] INFO  o.s.d.r.config.RepositoryConfigurationDelegate - Bootstrapping Spring Data Redis repositories in DEFAULT mode.
2023-04-29 09:43:31.604 [main] INFO  o.s.d.r.config.RepositoryConfigurationDelegate - Finished Spring Data repository scanning in 9 ms. Found 0 Redis repository interfaces.
2023-04-29 09:43:31.920 [main] INFO  o.s.boot.web.embedded.tomcat.TomcatWebServer - Tomcat initialized with port(s): 8080 (http)
2023-04-29 09:43:31.924 [main] INFO  org.apache.coyote.http11.Http11NioProtocol - Initializing ProtocolHandler ["http-nio-8080"]
2023-04-29 09:43:31.925 [main] INFO  org.apache.catalina.core.StandardService - Starting service [Tomcat]
2023-04-29 09:43:31.925 [main] INFO  org.apache.catalina.core.StandardEngine - Starting Servlet engine: [Apache Tomcat/10.1.7]
2023-04-29 09:43:31.966 [main] INFO  o.a.c.core.ContainerBase.[Tomcat].[localhost].[/] - Initializing Spring embedded WebApplicationContext
2023-04-29 09:43:31.966 [main] INFO  o.s.b.w.s.c.ServletWebServerApplicationContext - Root WebApplicationContext: initialization completed in 726 ms
2023-04-29 09:43:32.572 [main] INFO  org.apache.catalina.core.StandardService - Stopping service [Tomcat]
2023-04-29 09:43:32.579 [main] INFO  o.s.b.a.logging.ConditionEvaluationReportLogger - 

Error starting ApplicationContext. To display the condition evaluation report re-run your application with 'debug' enabled.
2023-04-29 09:45:16.271 [background-preinit] INFO  org.hibernate.validator.internal.util.Version - HV000001: Hibernate Validator 8.0.0.Final
2023-04-29 09:45:16.286 [main] INFO  top.kjwang.ServerApplication - Starting ServerApplication using Java 17.0.6 with PID 2706 (/Users/wangkaijie/Desktop/api-boot/api-server/target/classes started by wangkaijie in /Users/wangkaijie/Desktop/api-boot)
2023-04-29 09:45:16.286 [main] INFO  top.kjwang.ServerApplication - The following 1 profile is active: "dev"
2023-04-29 09:45:16.646 [main] INFO  o.s.d.r.config.RepositoryConfigurationDelegate - Multiple Spring Data modules found, entering strict repository configuration mode
2023-04-29 09:45:16.648 [main] INFO  o.s.d.r.config.RepositoryConfigurationDelegate - Bootstrapping Spring Data Redis repositories in DEFAULT mode.
2023-04-29 09:45:16.663 [main] INFO  o.s.d.r.config.RepositoryConfigurationDelegate - Finished Spring Data repository scanning in 10 ms. Found 0 Redis repository interfaces.
2023-04-29 09:45:16.962 [main] INFO  o.s.boot.web.embedded.tomcat.TomcatWebServer - Tomcat initialized with port(s): 8080 (http)
2023-04-29 09:45:16.965 [main] INFO  org.apache.coyote.http11.Http11NioProtocol - Initializing ProtocolHandler ["http-nio-8080"]
2023-04-29 09:45:16.966 [main] INFO  org.apache.catalina.core.StandardService - Starting service [Tomcat]
2023-04-29 09:45:16.966 [main] INFO  org.apache.catalina.core.StandardEngine - Starting Servlet engine: [Apache Tomcat/10.1.7]
2023-04-29 09:45:17.001 [main] INFO  o.a.c.core.ContainerBase.[Tomcat].[localhost].[/] - Initializing Spring embedded WebApplicationContext
2023-04-29 09:45:17.001 [main] INFO  o.s.b.w.s.c.ServletWebServerApplicationContext - Root WebApplicationContext: initialization completed in 700 ms
2023-04-29 09:45:17.573 [main] INFO  org.apache.catalina.core.StandardService - Stopping service [Tomcat]
2023-04-29 09:45:17.580 [main] INFO  o.s.b.a.logging.ConditionEvaluationReportLogger - 

Error starting ApplicationContext. To display the condition evaluation report re-run your application with 'debug' enabled.
2023-04-29 09:46:53.957 [background-preinit] INFO  org.hibernate.validator.internal.util.Version - HV000001: Hibernate Validator 8.0.0.Final
2023-04-29 09:46:53.974 [main] INFO  top.kjwang.ServerApplication - Starting ServerApplication using Java 17.0.6 with PID 2716 (/Users/wangkaijie/Desktop/api-boot/api-server/target/classes started by wangkaijie in /Users/wangkaijie/Desktop/api-boot)
2023-04-29 09:46:53.974 [main] INFO  top.kjwang.ServerApplication - The following 1 profile is active: "dev"
2023-04-29 09:46:54.297 [main] INFO  o.s.d.r.config.RepositoryConfigurationDelegate - Multiple Spring Data modules found, entering strict repository configuration mode
2023-04-29 09:46:54.298 [main] INFO  o.s.d.r.config.RepositoryConfigurationDelegate - Bootstrapping Spring Data Redis repositories in DEFAULT mode.
2023-04-29 09:46:54.312 [main] INFO  o.s.d.r.config.RepositoryConfigurationDelegate - Finished Spring Data repository scanning in 9 ms. Found 0 Redis repository interfaces.
2023-04-29 09:46:54.594 [main] INFO  o.s.boot.web.embedded.tomcat.TomcatWebServer - Tomcat initialized with port(s): 8080 (http)
2023-04-29 09:46:54.598 [main] INFO  org.apache.coyote.http11.Http11NioProtocol - Initializing ProtocolHandler ["http-nio-8080"]
2023-04-29 09:46:54.598 [main] INFO  org.apache.catalina.core.StandardService - Starting service [Tomcat]
2023-04-29 09:46:54.599 [main] INFO  org.apache.catalina.core.StandardEngine - Starting Servlet engine: [Apache Tomcat/10.1.7]
2023-04-29 09:46:54.634 [main] INFO  o.a.c.core.ContainerBase.[Tomcat].[localhost].[/] - Initializing Spring embedded WebApplicationContext
2023-04-29 09:46:54.634 [main] INFO  o.s.b.w.s.c.ServletWebServerApplicationContext - Root WebApplicationContext: initialization completed in 645 ms
2023-04-29 09:46:55.196 [main] INFO  org.apache.catalina.core.StandardService - Stopping service [Tomcat]
2023-04-29 09:46:55.202 [main] INFO  o.s.b.a.logging.ConditionEvaluationReportLogger - 

Error starting ApplicationContext. To display the condition evaluation report re-run your application with 'debug' enabled.
2023-04-29 09:50:31.592 [background-preinit] INFO  org.hibernate.validator.internal.util.Version - HV000001: Hibernate Validator 8.0.0.Final
2023-04-29 09:50:31.609 [main] INFO  top.kjwang.ServerApplication - Starting ServerApplication using Java 17.0.6 with PID 2738 (/Users/wangkaijie/Desktop/api-boot/api-server/target/classes started by wangkaijie in /Users/wangkaijie/Desktop/api-boot)
2023-04-29 09:50:31.610 [main] INFO  top.kjwang.ServerApplication - The following 1 profile is active: "dev"
2023-04-29 09:50:31.985 [main] INFO  o.s.d.r.config.RepositoryConfigurationDelegate - Multiple Spring Data modules found, entering strict repository configuration mode
2023-04-29 09:50:31.986 [main] INFO  o.s.d.r.config.RepositoryConfigurationDelegate - Bootstrapping Spring Data Redis repositories in DEFAULT mode.
2023-04-29 09:50:32.002 [main] INFO  o.s.d.r.config.RepositoryConfigurationDelegate - Finished Spring Data repository scanning in 9 ms. Found 0 Redis repository interfaces.
2023-04-29 09:50:32.298 [main] INFO  o.s.boot.web.embedded.tomcat.TomcatWebServer - Tomcat initialized with port(s): 8080 (http)
2023-04-29 09:50:32.302 [main] INFO  org.apache.coyote.http11.Http11NioProtocol - Initializing ProtocolHandler ["http-nio-8080"]
2023-04-29 09:50:32.302 [main] INFO  org.apache.catalina.core.StandardService - Starting service [Tomcat]
2023-04-29 09:50:32.302 [main] INFO  org.apache.catalina.core.StandardEngine - Starting Servlet engine: [Apache Tomcat/10.1.7]
2023-04-29 09:50:32.338 [main] INFO  o.a.c.core.ContainerBase.[Tomcat].[localhost].[/] - Initializing Spring embedded WebApplicationContext
2023-04-29 09:50:32.338 [main] INFO  o.s.b.w.s.c.ServletWebServerApplicationContext - Root WebApplicationContext: initialization completed in 713 ms
2023-04-29 09:50:32.755 [main] INFO  org.apache.catalina.core.StandardService - Stopping service [Tomcat]
2023-04-29 09:50:32.762 [main] INFO  o.s.b.a.logging.ConditionEvaluationReportLogger - 

Error starting ApplicationContext. To display the condition evaluation report re-run your application with 'debug' enabled.
2023-04-29 09:50:46.624 [background-preinit] INFO  org.hibernate.validator.internal.util.Version - HV000001: Hibernate Validator 8.0.0.Final
2023-04-29 09:50:46.640 [main] INFO  top.kjwang.ServerApplication - Starting ServerApplication using Java 17.0.6 with PID 2744 (/Users/wangkaijie/Desktop/api-boot/api-server/target/classes started by wangkaijie in /Users/wangkaijie/Desktop/api-boot)
2023-04-29 09:50:46.640 [main] INFO  top.kjwang.ServerApplication - The following 1 profile is active: "dev"
2023-04-29 09:50:46.955 [main] INFO  o.s.d.r.config.RepositoryConfigurationDelegate - Multiple Spring Data modules found, entering strict repository configuration mode
2023-04-29 09:50:46.956 [main] INFO  o.s.d.r.config.RepositoryConfigurationDelegate - Bootstrapping Spring Data Redis repositories in DEFAULT mode.
2023-04-29 09:50:46.969 [main] INFO  o.s.d.r.config.RepositoryConfigurationDelegate - Finished Spring Data repository scanning in 8 ms. Found 0 Redis repository interfaces.
2023-04-29 09:50:47.236 [main] INFO  o.s.boot.web.embedded.tomcat.TomcatWebServer - Tomcat initialized with port(s): 8080 (http)
2023-04-29 09:50:47.239 [main] INFO  org.apache.coyote.http11.Http11NioProtocol - Initializing ProtocolHandler ["http-nio-8080"]
2023-04-29 09:50:47.240 [main] INFO  org.apache.catalina.core.StandardService - Starting service [Tomcat]
2023-04-29 09:50:47.240 [main] INFO  org.apache.catalina.core.StandardEngine - Starting Servlet engine: [Apache Tomcat/10.1.7]
2023-04-29 09:50:47.276 [main] INFO  o.a.c.core.ContainerBase.[Tomcat].[localhost].[/] - Initializing Spring embedded WebApplicationContext
2023-04-29 09:50:47.277 [main] INFO  o.s.b.w.s.c.ServletWebServerApplicationContext - Root WebApplicationContext: initialization completed in 623 ms
2023-04-29 09:50:47.688 [main] INFO  org.apache.catalina.core.StandardService - Stopping service [Tomcat]
2023-04-29 09:50:47.695 [main] INFO  o.s.b.a.logging.ConditionEvaluationReportLogger - 

Error starting ApplicationContext. To display the condition evaluation report re-run your application with 'debug' enabled.
2023-04-29 09:51:37.185 [background-preinit] INFO  org.hibernate.validator.internal.util.Version - HV000001: Hibernate Validator 8.0.0.Final
2023-04-29 09:51:37.201 [main] INFO  top.kjwang.ServerApplication - Starting ServerApplication using Java 17.0.6 with PID 2751 (/Users/wangkaijie/Desktop/api-boot/api-server/target/classes started by wangkaijie in /Users/wangkaijie/Desktop/api-boot)
2023-04-29 09:51:37.201 [main] INFO  top.kjwang.ServerApplication - The following 1 profile is active: "dev"
2023-04-29 09:51:37.539 [main] INFO  o.s.d.r.config.RepositoryConfigurationDelegate - Multiple Spring Data modules found, entering strict repository configuration mode
2023-04-29 09:51:37.540 [main] INFO  o.s.d.r.config.RepositoryConfigurationDelegate - Bootstrapping Spring Data Redis repositories in DEFAULT mode.
2023-04-29 09:51:37.556 [main] INFO  o.s.d.r.config.RepositoryConfigurationDelegate - Finished Spring Data repository scanning in 10 ms. Found 0 Redis repository interfaces.
2023-04-29 09:51:37.861 [main] INFO  o.s.boot.web.embedded.tomcat.TomcatWebServer - Tomcat initialized with port(s): 8080 (http)
2023-04-29 09:51:37.865 [main] INFO  org.apache.coyote.http11.Http11NioProtocol - Initializing ProtocolHandler ["http-nio-8080"]
2023-04-29 09:51:37.865 [main] INFO  org.apache.catalina.core.StandardService - Starting service [Tomcat]
2023-04-29 09:51:37.865 [main] INFO  org.apache.catalina.core.StandardEngine - Starting Servlet engine: [Apache Tomcat/10.1.7]
2023-04-29 09:51:37.901 [main] INFO  o.a.c.core.ContainerBase.[Tomcat].[localhost].[/] - Initializing Spring embedded WebApplicationContext
2023-04-29 09:51:37.901 [main] INFO  o.s.b.w.s.c.ServletWebServerApplicationContext - Root WebApplicationContext: initialization completed in 686 ms
2023-04-29 09:51:38.482 [main] INFO  org.apache.catalina.core.StandardService - Stopping service [Tomcat]
2023-04-29 09:51:38.488 [main] INFO  o.s.b.a.logging.ConditionEvaluationReportLogger - 

Error starting ApplicationContext. To display the condition evaluation report re-run your application with 'debug' enabled.
2023-04-29 09:52:45.812 [background-preinit] INFO  org.hibernate.validator.internal.util.Version - HV000001: Hibernate Validator 8.0.0.Final
2023-04-29 09:52:45.828 [main] INFO  top.kjwang.ServerApplication - Starting ServerApplication using Java 17.0.6 with PID 2760 (/Users/wangkaijie/Desktop/api-boot/api-server/target/classes started by wangkaijie in /Users/wangkaijie/Desktop/api-boot)
2023-04-29 09:52:45.828 [main] INFO  top.kjwang.ServerApplication - The following 1 profile is active: "dev"
2023-04-29 09:52:46.135 [main] INFO  o.s.d.r.config.RepositoryConfigurationDelegate - Multiple Spring Data modules found, entering strict repository configuration mode
2023-04-29 09:52:46.136 [main] INFO  o.s.d.r.config.RepositoryConfigurationDelegate - Bootstrapping Spring Data Redis repositories in DEFAULT mode.
2023-04-29 09:52:46.150 [main] INFO  o.s.d.r.config.RepositoryConfigurationDelegate - Finished Spring Data repository scanning in 9 ms. Found 0 Redis repository interfaces.
2023-04-29 09:52:46.431 [main] INFO  o.s.boot.web.embedded.tomcat.TomcatWebServer - Tomcat initialized with port(s): 8080 (http)
2023-04-29 09:52:46.440 [main] INFO  org.apache.coyote.http11.Http11NioProtocol - Initializing ProtocolHandler ["http-nio-8080"]
2023-04-29 09:52:46.441 [main] INFO  org.apache.catalina.core.StandardService - Starting service [Tomcat]
2023-04-29 09:52:46.441 [main] INFO  org.apache.catalina.core.StandardEngine - Starting Servlet engine: [Apache Tomcat/10.1.7]
2023-04-29 09:52:46.481 [main] INFO  o.a.c.core.ContainerBase.[Tomcat].[localhost].[/] - Initializing Spring embedded WebApplicationContext
2023-04-29 09:52:46.481 [main] INFO  o.s.b.w.s.c.ServletWebServerApplicationContext - Root WebApplicationContext: initialization completed in 640 ms
2023-04-29 09:52:47.054 [main] INFO  org.apache.catalina.core.StandardService - Stopping service [Tomcat]
2023-04-29 09:52:47.060 [main] INFO  o.s.b.a.logging.ConditionEvaluationReportLogger - 

Error starting ApplicationContext. To display the condition evaluation report re-run your application with 'debug' enabled.
2023-04-29 09:54:53.188 [background-preinit] INFO  org.hibernate.validator.internal.util.Version - HV000001: Hibernate Validator 8.0.0.Final
2023-04-29 09:54:53.204 [main] INFO  top.kjwang.ServerApplication - Starting ServerApplication using Java 17.0.6 with PID 2774 (/Users/wangkaijie/Desktop/api-boot/api-server/target/classes started by wangkaijie in /Users/wangkaijie/Desktop/api-boot)
2023-04-29 09:54:53.204 [main] INFO  top.kjwang.ServerApplication - The following 1 profile is active: "dev"
2023-04-29 09:54:53.564 [main] INFO  o.s.d.r.config.RepositoryConfigurationDelegate - Multiple Spring Data modules found, entering strict repository configuration mode
2023-04-29 09:54:53.566 [main] INFO  o.s.d.r.config.RepositoryConfigurationDelegate - Bootstrapping Spring Data Redis repositories in DEFAULT mode.
2023-04-29 09:54:53.581 [main] INFO  o.s.d.r.config.RepositoryConfigurationDelegate - Finished Spring Data repository scanning in 10 ms. Found 0 Redis repository interfaces.
2023-04-29 09:54:53.882 [main] INFO  o.s.boot.web.embedded.tomcat.TomcatWebServer - Tomcat initialized with port(s): 8080 (http)
2023-04-29 09:54:53.885 [main] INFO  org.apache.coyote.http11.Http11NioProtocol - Initializing ProtocolHandler ["http-nio-8080"]
2023-04-29 09:54:53.886 [main] INFO  org.apache.catalina.core.StandardService - Starting service [Tomcat]
2023-04-29 09:54:53.886 [main] INFO  org.apache.catalina.core.StandardEngine - Starting Servlet engine: [Apache Tomcat/10.1.7]
2023-04-29 09:54:53.923 [main] INFO  o.a.c.core.ContainerBase.[Tomcat].[localhost].[/] - Initializing Spring embedded WebApplicationContext
2023-04-29 09:54:53.924 [main] INFO  o.s.b.w.s.c.ServletWebServerApplicationContext - Root WebApplicationContext: initialization completed in 705 ms
2023-04-29 09:54:54.476 [main] INFO  org.apache.catalina.core.StandardService - Stopping service [Tomcat]
2023-04-29 09:54:54.482 [main] INFO  o.s.b.a.logging.ConditionEvaluationReportLogger - 

Error starting ApplicationContext. To display the condition evaluation report re-run your application with 'debug' enabled.
2023-04-29 09:55:57.057 [background-preinit] INFO  org.hibernate.validator.internal.util.Version - HV000001: Hibernate Validator 8.0.0.Final
2023-04-29 09:55:57.073 [main] INFO  top.kjwang.ServerApplication - Starting ServerApplication using Java 17.0.6 with PID 2798 (/Users/wangkaijie/Desktop/api-boot/api-server/target/classes started by wangkaijie in /Users/wangkaijie/Desktop/api-boot)
2023-04-29 09:55:57.073 [main] INFO  top.kjwang.ServerApplication - The following 1 profile is active: "dev"
2023-04-29 09:55:57.439 [main] INFO  o.s.d.r.config.RepositoryConfigurationDelegate - Multiple Spring Data modules found, entering strict repository configuration mode
2023-04-29 09:55:57.441 [main] INFO  o.s.d.r.config.RepositoryConfigurationDelegate - Bootstrapping Spring Data Redis repositories in DEFAULT mode.
2023-04-29 09:55:57.457 [main] INFO  o.s.d.r.config.RepositoryConfigurationDelegate - Finished Spring Data repository scanning in 10 ms. Found 0 Redis repository interfaces.
2023-04-29 09:55:57.765 [main] INFO  o.s.boot.web.embedded.tomcat.TomcatWebServer - Tomcat initialized with port(s): 8080 (http)
2023-04-29 09:55:57.769 [main] INFO  org.apache.coyote.http11.Http11NioProtocol - Initializing ProtocolHandler ["http-nio-8080"]
2023-04-29 09:55:57.769 [main] INFO  org.apache.catalina.core.StandardService - Starting service [Tomcat]
2023-04-29 09:55:57.769 [main] INFO  org.apache.catalina.core.StandardEngine - Starting Servlet engine: [Apache Tomcat/10.1.7]
2023-04-29 09:55:57.808 [main] INFO  o.a.c.core.ContainerBase.[Tomcat].[localhost].[/] - Initializing Spring embedded WebApplicationContext
2023-04-29 09:55:57.808 [main] INFO  o.s.b.w.s.c.ServletWebServerApplicationContext - Root WebApplicationContext: initialization completed in 720 ms
2023-04-29 09:55:58.393 [main] INFO  org.apache.catalina.core.StandardService - Stopping service [Tomcat]
2023-04-29 09:55:58.399 [main] INFO  o.s.b.a.logging.ConditionEvaluationReportLogger - 

Error starting ApplicationContext. To display the condition evaluation report re-run your application with 'debug' enabled.
2023-04-29 09:56:56.513 [background-preinit] INFO  org.hibernate.validator.internal.util.Version - HV000001: Hibernate Validator 8.0.0.Final
2023-04-29 09:56:56.528 [main] INFO  top.kjwang.ServerApplication - Starting ServerApplication using Java 17.0.6 with PID 2817 (/Users/wangkaijie/Desktop/api-boot/api-server/target/classes started by wangkaijie in /Users/wangkaijie/Desktop/api-boot)
2023-04-29 09:56:56.529 [main] INFO  top.kjwang.ServerApplication - The following 1 profile is active: "dev"
2023-04-29 09:56:56.875 [main] INFO  o.s.d.r.config.RepositoryConfigurationDelegate - Multiple Spring Data modules found, entering strict repository configuration mode
2023-04-29 09:56:56.877 [main] INFO  o.s.d.r.config.RepositoryConfigurationDelegate - Bootstrapping Spring Data Redis repositories in DEFAULT mode.
2023-04-29 09:56:56.892 [main] INFO  o.s.d.r.config.RepositoryConfigurationDelegate - Finished Spring Data repository scanning in 9 ms. Found 0 Redis repository interfaces.
2023-04-29 09:56:57.195 [main] INFO  o.s.boot.web.embedded.tomcat.TomcatWebServer - Tomcat initialized with port(s): 8080 (http)
2023-04-29 09:56:57.199 [main] INFO  org.apache.coyote.http11.Http11NioProtocol - Initializing ProtocolHandler ["http-nio-8080"]
2023-04-29 09:56:57.199 [main] INFO  org.apache.catalina.core.StandardService - Starting service [Tomcat]
2023-04-29 09:56:57.199 [main] INFO  org.apache.catalina.core.StandardEngine - Starting Servlet engine: [Apache Tomcat/10.1.7]
2023-04-29 09:56:57.236 [main] INFO  o.a.c.core.ContainerBase.[Tomcat].[localhost].[/] - Initializing Spring embedded WebApplicationContext
2023-04-29 09:56:57.236 [main] INFO  o.s.b.w.s.c.ServletWebServerApplicationContext - Root WebApplicationContext: initialization completed in 693 ms
2023-04-29 09:56:57.787 [main] INFO  org.apache.catalina.core.StandardService - Stopping service [Tomcat]
2023-04-29 09:56:57.793 [main] INFO  o.s.b.a.logging.ConditionEvaluationReportLogger - 

Error starting ApplicationContext. To display the condition evaluation report re-run your application with 'debug' enabled.
2023-04-29 10:00:11.252 [background-preinit] INFO  org.hibernate.validator.internal.util.Version - HV000001: Hibernate Validator 8.0.0.Final
2023-04-29 10:00:11.267 [main] INFO  top.kjwang.ServerApplication - Starting ServerApplication using Java 17.0.6 with PID 2846 (/Users/wangkaijie/Desktop/api-boot/api-server/target/classes started by wangkaijie in /Users/wangkaijie/Desktop/api-boot)
2023-04-29 10:00:11.268 [main] INFO  top.kjwang.ServerApplication - The following 1 profile is active: "dev"
2023-04-29 10:00:11.620 [main] INFO  o.s.d.r.config.RepositoryConfigurationDelegate - Multiple Spring Data modules found, entering strict repository configuration mode
2023-04-29 10:00:11.622 [main] INFO  o.s.d.r.config.RepositoryConfigurationDelegate - Bootstrapping Spring Data Redis repositories in DEFAULT mode.
2023-04-29 10:00:11.637 [main] INFO  o.s.d.r.config.RepositoryConfigurationDelegate - Finished Spring Data repository scanning in 9 ms. Found 0 Redis repository interfaces.
2023-04-29 10:00:11.939 [main] INFO  o.s.boot.web.embedded.tomcat.TomcatWebServer - Tomcat initialized with port(s): 8080 (http)
2023-04-29 10:00:11.943 [main] INFO  org.apache.coyote.http11.Http11NioProtocol - Initializing ProtocolHandler ["http-nio-8080"]
2023-04-29 10:00:11.943 [main] INFO  org.apache.catalina.core.StandardService - Starting service [Tomcat]
2023-04-29 10:00:11.943 [main] INFO  org.apache.catalina.core.StandardEngine - Starting Servlet engine: [Apache Tomcat/10.1.7]
2023-04-29 10:00:11.980 [main] INFO  o.a.c.core.ContainerBase.[Tomcat].[localhost].[/] - Initializing Spring embedded WebApplicationContext
2023-04-29 10:00:11.980 [main] INFO  o.s.b.w.s.c.ServletWebServerApplicationContext - Root WebApplicationContext: initialization completed in 698 ms
2023-04-29 10:00:12.549 [main] INFO  org.apache.catalina.core.StandardService - Stopping service [Tomcat]
2023-04-29 10:00:12.555 [main] INFO  o.s.b.a.logging.ConditionEvaluationReportLogger - 

Error starting ApplicationContext. To display the condition evaluation report re-run your application with 'debug' enabled.
2023-04-29 10:00:41.630 [background-preinit] INFO  org.hibernate.validator.internal.util.Version - HV000001: Hibernate Validator 8.0.0.Final
2023-04-29 10:00:41.651 [main] INFO  top.kjwang.ServerApplication - Starting ServerApplication using Java 17.0.6 with PID 2852 (/Users/wangkaijie/Desktop/api-boot/api-server/target/classes started by wangkaijie in /Users/wangkaijie/Desktop/api-boot)
2023-04-29 10:00:41.651 [main] INFO  top.kjwang.ServerApplication - The following 1 profile is active: "dev"
2023-04-29 10:00:42.165 [main] INFO  o.s.d.r.config.RepositoryConfigurationDelegate - Multiple Spring Data modules found, entering strict repository configuration mode
2023-04-29 10:00:42.167 [main] INFO  o.s.d.r.config.RepositoryConfigurationDelegate - Bootstrapping Spring Data Redis repositories in DEFAULT mode.
2023-04-29 10:00:42.189 [main] INFO  o.s.d.r.config.RepositoryConfigurationDelegate - Finished Spring Data repository scanning in 15 ms. Found 0 Redis repository interfaces.
2023-04-29 10:00:42.625 [main] INFO  o.s.boot.web.embedded.tomcat.TomcatWebServer - Tomcat initialized with port(s): 8080 (http)
2023-04-29 10:00:42.630 [main] INFO  org.apache.coyote.http11.Http11NioProtocol - Initializing ProtocolHandler ["http-nio-8080"]
2023-04-29 10:00:42.630 [main] INFO  org.apache.catalina.core.StandardService - Starting service [Tomcat]
2023-04-29 10:00:42.630 [main] INFO  org.apache.catalina.core.StandardEngine - Starting Servlet engine: [Apache Tomcat/10.1.7]
2023-04-29 10:00:42.695 [main] INFO  o.a.c.core.ContainerBase.[Tomcat].[localhost].[/] - Initializing Spring embedded WebApplicationContext
2023-04-29 10:00:42.695 [main] INFO  o.s.b.w.s.c.ServletWebServerApplicationContext - Root WebApplicationContext: initialization completed in 1017 ms
2023-04-29 10:00:43.747 [main] INFO  o.s.security.web.DefaultSecurityFilterChain - Will secure any request with [org.springframework.security.web.session.DisableEncodeUrlFilter@652f26da, org.springframework.security.web.context.request.async.WebAsyncManagerIntegrationFilter@484a5ddd, org.springframework.security.web.context.SecurityContextHolderFilter@65b5b5ed, org.springframework.security.web.header.HeaderWriterFilter@28db2afb, org.springframework.security.web.authentication.logout.LogoutFilter@681b42d3, top.kjwang.security.filter.AuthenticationTokenFilter@7cd1ec54, org.springframework.security.web.savedrequest.RequestCacheAwareFilter@795eddda, org.springframework.security.web.servletapi.SecurityContextHolderAwareRequestFilter@c6bf8d9, org.springframework.security.web.authentication.AnonymousAuthenticationFilter@6796a873, org.springframework.security.web.session.SessionManagementFilter@3b576ee3, org.springframework.security.web.access.ExceptionTranslationFilter@6bc62bb9, org.springframework.security.web.access.intercept.AuthorizationFilter@2bf0c70d]
2023-04-29 10:00:43.927 [main] INFO  org.apache.coyote.http11.Http11NioProtocol - Starting ProtocolHandler ["http-nio-8080"]
2023-04-29 10:00:43.935 [main] INFO  o.s.boot.web.embedded.tomcat.TomcatWebServer - Tomcat started on port(s): 8080 (http) with context path ''
2023-04-29 10:00:43.940 [main] INFO  top.kjwang.ServerApplication - Started ServerApplication in 2.512 seconds (process running for 2.996)
2023-04-29 10:02:26.163 [http-nio-8080-exec-1] INFO  o.a.c.core.ContainerBase.[Tomcat].[localhost].[/] - Initializing Spring DispatcherServlet 'dispatcherServlet'
2023-04-29 10:02:26.164 [http-nio-8080-exec-1] INFO  org.springframework.web.servlet.DispatcherServlet - Initializing Servlet 'dispatcherServlet'
2023-04-29 10:02:26.165 [http-nio-8080-exec-1] INFO  org.springframework.web.servlet.DispatcherServlet - Completed initialization in 1 ms
2023-04-29 10:02:26.826 [http-nio-8080-exec-24] INFO  org.springdoc.api.AbstractOpenApiResource - Init duration for springdoc-openapi is: 185 ms
2023-04-29 10:03:20.940 [http-nio-8080-exec-14] INFO  com.zaxxer.hikari.HikariDataSource - MakuHikariCP - Starting...
2023-04-29 10:03:51.155 [http-nio-8080-exec-12] INFO  com.zaxxer.hikari.HikariDataSource - MakuHikariCP - Starting...
2023-04-29 10:03:53.311 [http-nio-8080-exec-19] INFO  com.zaxxer.hikari.HikariDataSource - MakuHikariCP - Starting...
2023-04-29 10:04:14.800 [background-preinit] INFO  org.hibernate.validator.internal.util.Version - HV000001: Hibernate Validator 8.0.0.Final
2023-04-29 10:04:14.823 [main] INFO  top.kjwang.ServerApplication - Starting ServerApplication using Java 17.0.6 with PID 3079 (/Users/wangkaijie/Desktop/api-boot/api-server/target/classes started by wangkaijie in /Users/wangkaijie/Desktop/api-boot)
2023-04-29 10:04:14.824 [main] INFO  top.kjwang.ServerApplication - The following 1 profile is active: "dev"
2023-04-29 10:04:15.223 [main] INFO  o.s.d.r.config.RepositoryConfigurationDelegate - Multiple Spring Data modules found, entering strict repository configuration mode
2023-04-29 10:04:15.224 [main] INFO  o.s.d.r.config.RepositoryConfigurationDelegate - Bootstrapping Spring Data Redis repositories in DEFAULT mode.
2023-04-29 10:04:15.240 [main] INFO  o.s.d.r.config.RepositoryConfigurationDelegate - Finished Spring Data repository scanning in 10 ms. Found 0 Redis repository interfaces.
2023-04-29 10:04:15.557 [main] INFO  o.s.boot.web.embedded.tomcat.TomcatWebServer - Tomcat initialized with port(s): 8080 (http)
2023-04-29 10:04:15.561 [main] INFO  org.apache.coyote.http11.Http11NioProtocol - Initializing ProtocolHandler ["http-nio-8080"]
2023-04-29 10:04:15.562 [main] INFO  org.apache.catalina.core.StandardService - Starting service [Tomcat]
2023-04-29 10:04:15.562 [main] INFO  org.apache.catalina.core.StandardEngine - Starting Servlet engine: [Apache Tomcat/10.1.7]
2023-04-29 10:04:15.617 [main] INFO  o.a.c.core.ContainerBase.[Tomcat].[localhost].[/] - Initializing Spring embedded WebApplicationContext
2023-04-29 10:04:15.617 [main] INFO  o.s.b.w.s.c.ServletWebServerApplicationContext - Root WebApplicationContext: initialization completed in 775 ms
2023-04-29 10:04:16.465 [main] INFO  o.s.security.web.DefaultSecurityFilterChain - Will secure any request with [org.springframework.security.web.session.DisableEncodeUrlFilter@649009d6, org.springframework.security.web.context.request.async.WebAsyncManagerIntegrationFilter@652f26da, org.springframework.security.web.context.SecurityContextHolderFilter@6212ea52, org.springframework.security.web.header.HeaderWriterFilter@47f0e078, org.springframework.security.web.authentication.logout.LogoutFilter@2b464384, top.kjwang.security.filter.AuthenticationTokenFilter@44abdb1f, org.springframework.security.web.savedrequest.RequestCacheAwareFilter@6595ffce, org.springframework.security.web.servletapi.SecurityContextHolderAwareRequestFilter@795eddda, org.springframework.security.web.authentication.AnonymousAuthenticationFilter@484a5ddd, org.springframework.security.web.session.SessionManagementFilter@4738131e, org.springframework.security.web.access.ExceptionTranslationFilter@3c1908c8, org.springframework.security.web.access.intercept.AuthorizationFilter@11120583]
2023-04-29 10:04:16.670 [main] INFO  org.apache.coyote.http11.Http11NioProtocol - Starting ProtocolHandler ["http-nio-8080"]
2023-04-29 10:04:16.680 [main] INFO  o.s.boot.web.embedded.tomcat.TomcatWebServer - Tomcat started on port(s): 8080 (http) with context path ''
2023-04-29 10:04:16.685 [main] INFO  top.kjwang.ServerApplication - Started ServerApplication in 2.039 seconds (process running for 2.323)
2023-04-29 10:04:17.564 [http-nio-8080-exec-1] INFO  o.a.c.core.ContainerBase.[Tomcat].[localhost].[/] - Initializing Spring DispatcherServlet 'dispatcherServlet'
2023-04-29 10:04:17.565 [http-nio-8080-exec-1] INFO  org.springframework.web.servlet.DispatcherServlet - Initializing Servlet 'dispatcherServlet'
2023-04-29 10:04:17.567 [http-nio-8080-exec-1] INFO  org.springframework.web.servlet.DispatcherServlet - Completed initialization in 1 ms
2023-04-29 10:04:17.860 [http-nio-8080-exec-1] INFO  com.zaxxer.hikari.HikariDataSource - MakuHikariCP - Starting...
2023-04-29 10:27:06.300 [background-preinit] INFO  org.hibernate.validator.internal.util.Version - HV000001: Hibernate Validator 8.0.0.Final
2023-04-29 10:27:06.318 [main] INFO  top.kjwang.ServerApplication - Starting ServerApplication using Java 17.0.6 with PID 1689 (/Users/wangkaijie/Desktop/api-boot/api-server/target/classes started by wangkaijie in /Users/wangkaijie/Desktop/api-boot)
2023-04-29 10:27:06.318 [main] INFO  top.kjwang.ServerApplication - The following 1 profile is active: "dev"
2023-04-29 10:27:06.712 [main] INFO  o.s.d.r.config.RepositoryConfigurationDelegate - Multiple Spring Data modules found, entering strict repository configuration mode
2023-04-29 10:27:06.714 [main] INFO  o.s.d.r.config.RepositoryConfigurationDelegate - Bootstrapping Spring Data Redis repositories in DEFAULT mode.
2023-04-29 10:27:06.730 [main] INFO  o.s.d.r.config.RepositoryConfigurationDelegate - Finished Spring Data repository scanning in 10 ms. Found 0 Redis repository interfaces.
2023-04-29 10:27:07.063 [main] INFO  o.s.boot.web.embedded.tomcat.TomcatWebServer - Tomcat initialized with port(s): 8080 (http)
2023-04-29 10:27:07.067 [main] INFO  org.apache.coyote.http11.Http11NioProtocol - Initializing ProtocolHandler ["http-nio-8080"]
2023-04-29 10:27:07.067 [main] INFO  org.apache.catalina.core.StandardService - Starting service [Tomcat]
2023-04-29 10:27:07.067 [main] INFO  org.apache.catalina.core.StandardEngine - Starting Servlet engine: [Apache Tomcat/10.1.7]
2023-04-29 10:27:07.108 [main] INFO  o.a.c.core.ContainerBase.[Tomcat].[localhost].[/] - Initializing Spring embedded WebApplicationContext
2023-04-29 10:27:07.108 [main] INFO  o.s.b.w.s.c.ServletWebServerApplicationContext - Root WebApplicationContext: initialization completed in 774 ms
2023-04-29 10:27:07.992 [main] INFO  o.s.security.web.DefaultSecurityFilterChain - Will secure any request with [org.springframework.security.web.session.DisableEncodeUrlFilter@1f293cb7, org.springframework.security.web.context.request.async.WebAsyncManagerIntegrationFilter@5972e3a, org.springframework.security.web.context.SecurityContextHolderFilter@44392e64, org.springframework.security.web.header.HeaderWriterFilter@37fffef3, org.springframework.security.web.authentication.logout.LogoutFilter@65a2755e, top.kjwang.security.filter.AuthenticationTokenFilter@bd273b2, org.springframework.security.web.savedrequest.RequestCacheAwareFilter@1a77eb6, org.springframework.security.web.servletapi.SecurityContextHolderAwareRequestFilter@52d9f36b, org.springframework.security.web.authentication.AnonymousAuthenticationFilter@5790cbcb, org.springframework.security.web.session.SessionManagementFilter@6595ffce, org.springframework.security.web.access.ExceptionTranslationFilter@6315bb4, org.springframework.security.web.access.intercept.AuthorizationFilter@484a5ddd]
2023-04-29 10:27:08.177 [main] INFO  org.apache.coyote.http11.Http11NioProtocol - Starting ProtocolHandler ["http-nio-8080"]
2023-04-29 10:27:08.186 [main] INFO  o.s.boot.web.embedded.tomcat.TomcatWebServer - Tomcat started on port(s): 8080 (http) with context path ''
2023-04-29 10:27:08.191 [main] INFO  top.kjwang.ServerApplication - Started ServerApplication in 2.03 seconds (process running for 2.547)
2023-04-29 10:27:18.153 [http-nio-8080-exec-1] INFO  o.a.c.core.ContainerBase.[Tomcat].[localhost].[/] - Initializing Spring DispatcherServlet 'dispatcherServlet'
2023-04-29 10:27:18.153 [http-nio-8080-exec-1] INFO  org.springframework.web.servlet.DispatcherServlet - Initializing Servlet 'dispatcherServlet'
2023-04-29 10:27:18.155 [http-nio-8080-exec-1] INFO  org.springframework.web.servlet.DispatcherServlet - Completed initialization in 0 ms
2023-04-29 10:27:18.795 [http-nio-8080-exec-24] INFO  org.springdoc.api.AbstractOpenApiResource - Init duration for springdoc-openapi is: 165 ms
2023-04-29 10:28:07.371 [http-nio-8080-exec-19] INFO  com.zaxxer.hikari.HikariDataSource - MakuHikariCP - Starting...
2023-04-29 10:28:07.530 [http-nio-8080-exec-19] INFO  com.zaxxer.hikari.pool.HikariPool - MakuHikariCP - Added connection com.mysql.cj.jdbc.ConnectionImpl@271f3163
2023-04-29 10:28:07.530 [http-nio-8080-exec-19] INFO  com.zaxxer.hikari.HikariDataSource - MakuHikariCP - Start completed.
2023-04-29 12:15:06.423 [SpringApplicationShutdownHook] INFO  com.zaxxer.hikari.HikariDataSource - MakuHikariCP - Shutdown initiated...
2023-04-29 12:15:06.424 [SpringApplicationShutdownHook] INFO  com.zaxxer.hikari.HikariDataSource - MakuHikariCP - Shutdown completed.
2023-04-29 12:15:07.941 [background-preinit] INFO  org.hibernate.validator.internal.util.Version - HV000001: Hibernate Validator 8.0.0.Final
2023-04-29 12:15:07.960 [main] INFO  top.kjwang.ServerApplication - Starting ServerApplication using Java 17.0.6 with PID 4700 (/Users/wangkaijie/Desktop/api-boot/api-server/target/classes started by wangkaijie in /Users/wangkaijie/Desktop/api-boot)
2023-04-29 12:15:07.960 [main] INFO  top.kjwang.ServerApplication - The following 1 profile is active: "dev"
2023-04-29 12:15:08.372 [main] INFO  o.s.d.r.config.RepositoryConfigurationDelegate - Multiple Spring Data modules found, entering strict repository configuration mode
2023-04-29 12:15:08.373 [main] INFO  o.s.d.r.config.RepositoryConfigurationDelegate - Bootstrapping Spring Data Redis repositories in DEFAULT mode.
2023-04-29 12:15:08.390 [main] INFO  o.s.d.r.config.RepositoryConfigurationDelegate - Finished Spring Data repository scanning in 10 ms. Found 0 Redis repository interfaces.
2023-04-29 12:15:08.700 [main] INFO  o.s.boot.web.embedded.tomcat.TomcatWebServer - Tomcat initialized with port(s): 8080 (http)
2023-04-29 12:15:08.704 [main] INFO  org.apache.coyote.http11.Http11NioProtocol - Initializing ProtocolHandler ["http-nio-8080"]
2023-04-29 12:15:08.704 [main] INFO  org.apache.catalina.core.StandardService - Starting service [Tomcat]
2023-04-29 12:15:08.704 [main] INFO  org.apache.catalina.core.StandardEngine - Starting Servlet engine: [Apache Tomcat/10.1.7]
2023-04-29 12:15:08.744 [main] INFO  o.a.c.core.ContainerBase.[Tomcat].[localhost].[/] - Initializing Spring embedded WebApplicationContext
2023-04-29 12:15:08.744 [main] INFO  o.s.b.w.s.c.ServletWebServerApplicationContext - Root WebApplicationContext: initialization completed in 767 ms
2023-04-29 12:15:09.568 [main] INFO  o.s.security.web.DefaultSecurityFilterChain - Will secure any request with [org.springframework.security.web.session.DisableEncodeUrlFilter@701c482e, org.springframework.security.web.context.request.async.WebAsyncManagerIntegrationFilter@4738131e, org.springframework.security.web.context.SecurityContextHolderFilter@539dd2d0, org.springframework.security.web.header.HeaderWriterFilter@16a499d1, org.springframework.security.web.authentication.logout.LogoutFilter@28db2afb, top.kjwang.security.filter.AuthenticationTokenFilter@3866c96e, org.springframework.security.web.savedrequest.RequestCacheAwareFilter@523ade68, org.springframework.security.web.servletapi.SecurityContextHolderAwareRequestFilter@b529d7e, org.springframework.security.web.authentication.AnonymousAuthenticationFilter@3b576ee3, org.springframework.security.web.session.SessionManagementFilter@4895e8f6, org.springframework.security.web.access.ExceptionTranslationFilter@520ee6b3, org.springframework.security.web.access.intercept.AuthorizationFilter@34e07e65]
2023-04-29 12:15:09.766 [main] INFO  org.apache.coyote.http11.Http11NioProtocol - Starting ProtocolHandler ["http-nio-8080"]
2023-04-29 12:15:09.776 [main] INFO  o.s.boot.web.embedded.tomcat.TomcatWebServer - Tomcat started on port(s): 8080 (http) with context path ''
2023-04-29 12:15:09.781 [main] INFO  top.kjwang.ServerApplication - Started ServerApplication in 2.012 seconds (process running for 2.561)
2023-04-29 12:15:13.770 [http-nio-8080-exec-1] INFO  o.a.c.core.ContainerBase.[Tomcat].[localhost].[/] - Initializing Spring DispatcherServlet 'dispatcherServlet'
2023-04-29 12:15:13.771 [http-nio-8080-exec-1] INFO  org.springframework.web.servlet.DispatcherServlet - Initializing Servlet 'dispatcherServlet'
2023-04-29 12:15:13.772 [http-nio-8080-exec-1] INFO  org.springframework.web.servlet.DispatcherServlet - Completed initialization in 1 ms
2023-04-29 12:15:14.002 [http-nio-8080-exec-2] INFO  com.zaxxer.hikari.HikariDataSource - MakuHikariCP - Starting...
2023-04-29 12:15:14.139 [http-nio-8080-exec-2] INFO  com.zaxxer.hikari.pool.HikariPool - MakuHikariCP - Added connection com.mysql.cj.jdbc.ConnectionImpl@3f9b795a
2023-04-29 12:15:14.140 [http-nio-8080-exec-2] INFO  com.zaxxer.hikari.HikariDataSource - MakuHikariCP - Start completed.
2023-04-29 12:46:57.011 [SpringApplicationShutdownHook] INFO  com.zaxxer.hikari.HikariDataSource - MakuHikariCP - Shutdown initiated...
2023-04-29 12:46:57.013 [SpringApplicationShutdownHook] INFO  com.zaxxer.hikari.HikariDataSource - MakuHikariCP - Shutdown completed.
2023-04-29 12:46:58.949 [background-preinit] INFO  org.hibernate.validator.internal.util.Version - HV000001: Hibernate Validator 8.0.0.Final
2023-04-29 12:46:58.965 [main] INFO  top.kjwang.ServerApplication - Starting ServerApplication using Java 17.0.6 with PID 5714 (/Users/wangkaijie/Desktop/api-boot/api-server/target/classes started by wangkaijie in /Users/wangkaijie/Desktop/api-boot)
2023-04-29 12:46:58.965 [main] INFO  top.kjwang.ServerApplication - The following 1 profile is active: "dev"
2023-04-29 12:46:59.361 [main] INFO  o.s.d.r.config.RepositoryConfigurationDelegate - Multiple Spring Data modules found, entering strict repository configuration mode
2023-04-29 12:46:59.363 [main] INFO  o.s.d.r.config.RepositoryConfigurationDelegate - Bootstrapping Spring Data Redis repositories in DEFAULT mode.
2023-04-29 12:46:59.378 [main] INFO  o.s.d.r.config.RepositoryConfigurationDelegate - Finished Spring Data repository scanning in 9 ms. Found 0 Redis repository interfaces.
2023-04-29 12:46:59.698 [main] INFO  o.s.boot.web.embedded.tomcat.TomcatWebServer - Tomcat initialized with port(s): 8080 (http)
2023-04-29 12:46:59.702 [main] INFO  org.apache.coyote.http11.Http11NioProtocol - Initializing ProtocolHandler ["http-nio-8080"]
2023-04-29 12:46:59.703 [main] INFO  org.apache.catalina.core.StandardService - Starting service [Tomcat]
2023-04-29 12:46:59.703 [main] INFO  org.apache.catalina.core.StandardEngine - Starting Servlet engine: [Apache Tomcat/10.1.7]
2023-04-29 12:46:59.742 [main] INFO  o.a.c.core.ContainerBase.[Tomcat].[localhost].[/] - Initializing Spring embedded WebApplicationContext
2023-04-29 12:46:59.742 [main] INFO  o.s.b.w.s.c.ServletWebServerApplicationContext - Root WebApplicationContext: initialization completed in 762 ms
2023-04-29 12:47:00.565 [main] INFO  o.s.security.web.DefaultSecurityFilterChain - Will secure any request with [org.springframework.security.web.session.DisableEncodeUrlFilter@2b3242a5, org.springframework.security.web.context.request.async.WebAsyncManagerIntegrationFilter@11120583, org.springframework.security.web.context.SecurityContextHolderFilter@701c482e, org.springframework.security.web.header.HeaderWriterFilter@67396475, org.springframework.security.web.authentication.logout.LogoutFilter@3f2ae973, top.kjwang.security.filter.AuthenticationTokenFilter@fcd0e8d, org.springframework.security.web.savedrequest.RequestCacheAwareFilter@3b576ee3, org.springframework.security.web.servletapi.SecurityContextHolderAwareRequestFilter@705d914f, org.springframework.security.web.authentication.AnonymousAuthenticationFilter@2bf0c70d, org.springframework.security.web.session.SessionManagementFilter@34e07e65, org.springframework.security.web.access.ExceptionTranslationFilter@321b7b9e, org.springframework.security.web.access.intercept.AuthorizationFilter@4ede8888]
2023-04-29 12:47:00.751 [main] INFO  org.apache.coyote.http11.Http11NioProtocol - Starting ProtocolHandler ["http-nio-8080"]
2023-04-29 12:47:00.762 [main] INFO  o.s.boot.web.embedded.tomcat.TomcatWebServer - Tomcat started on port(s): 8080 (http) with context path ''
2023-04-29 12:47:00.768 [main] INFO  top.kjwang.ServerApplication - Started ServerApplication in 1.953 seconds (process running for 2.297)
2023-04-29 12:47:04.208 [http-nio-8080-exec-1] INFO  o.a.c.core.ContainerBase.[Tomcat].[localhost].[/] - Initializing Spring DispatcherServlet 'dispatcherServlet'
2023-04-29 12:47:04.208 [http-nio-8080-exec-1] INFO  org.springframework.web.servlet.DispatcherServlet - Initializing Servlet 'dispatcherServlet'
2023-04-29 12:47:04.209 [http-nio-8080-exec-1] INFO  org.springframework.web.servlet.DispatcherServlet - Completed initialization in 0 ms
2023-04-29 12:47:04.864 [http-nio-8080-exec-23] INFO  org.springdoc.api.AbstractOpenApiResource - Init duration for springdoc-openapi is: 191 ms
2023-04-29 12:48:18.093 [http-nio-8080-exec-17] INFO  com.zaxxer.hikari.HikariDataSource - MakuHikariCP - Starting...
2023-04-29 12:48:18.241 [http-nio-8080-exec-17] INFO  com.zaxxer.hikari.pool.HikariPool - MakuHikariCP - Added connection com.mysql.cj.jdbc.ConnectionImpl@55ceb272
2023-04-29 12:48:18.241 [http-nio-8080-exec-17] INFO  com.zaxxer.hikari.HikariDataSource - MakuHikariCP - Start completed.
2023-04-29 13:04:07.529 [SpringApplicationShutdownHook] INFO  com.zaxxer.hikari.HikariDataSource - MakuHikariCP - Shutdown initiated...
2023-04-29 13:04:07.533 [SpringApplicationShutdownHook] INFO  com.zaxxer.hikari.HikariDataSource - MakuHikariCP - Shutdown completed.
2023-04-29 13:04:08.961 [background-preinit] INFO  org.hibernate.validator.internal.util.Version - HV000001: Hibernate Validator 8.0.0.Final
2023-04-29 13:04:08.978 [main] INFO  top.kjwang.ServerApplication - Starting ServerApplication using Java 17.0.6 with PID 6135 (/Users/wangkaijie/Desktop/api-boot/api-server/target/classes started by wangkaijie in /Users/wangkaijie/Desktop/api-boot)
2023-04-29 13:04:08.978 [main] INFO  top.kjwang.ServerApplication - The following 1 profile is active: "dev"
2023-04-29 13:04:09.381 [main] INFO  o.s.d.r.config.RepositoryConfigurationDelegate - Multiple Spring Data modules found, entering strict repository configuration mode
2023-04-29 13:04:09.382 [main] INFO  o.s.d.r.config.RepositoryConfigurationDelegate - Bootstrapping Spring Data Redis repositories in DEFAULT mode.
2023-04-29 13:04:09.398 [main] INFO  o.s.d.r.config.RepositoryConfigurationDelegate - Finished Spring Data repository scanning in 10 ms. Found 0 Redis repository interfaces.
2023-04-29 13:04:09.712 [main] INFO  o.s.boot.web.embedded.tomcat.TomcatWebServer - Tomcat initialized with port(s): 8080 (http)
2023-04-29 13:04:09.715 [main] INFO  org.apache.coyote.http11.Http11NioProtocol - Initializing ProtocolHandler ["http-nio-8080"]
2023-04-29 13:04:09.716 [main] INFO  org.apache.catalina.core.StandardService - Starting service [Tomcat]
2023-04-29 13:04:09.716 [main] INFO  org.apache.catalina.core.StandardEngine - Starting Servlet engine: [Apache Tomcat/10.1.7]
2023-04-29 13:04:09.750 [main] INFO  o.a.c.core.ContainerBase.[Tomcat].[localhost].[/] - Initializing Spring embedded WebApplicationContext
2023-04-29 13:04:09.750 [main] INFO  o.s.b.w.s.c.ServletWebServerApplicationContext - Root WebApplicationContext: initialization completed in 757 ms
2023-04-29 13:04:10.635 [main] INFO  o.s.security.web.DefaultSecurityFilterChain - Will secure any request with [org.springframework.security.web.session.DisableEncodeUrlFilter@11120583, org.springframework.security.web.context.request.async.WebAsyncManagerIntegrationFilter@2bf0c70d, org.springframework.security.web.context.SecurityContextHolderFilter@4738131e, org.springframework.security.web.header.HeaderWriterFilter@55b74e6b, org.springframework.security.web.authentication.logout.LogoutFilter@1a8b22b5, top.kjwang.security.filter.AuthenticationTokenFilter@1a4083f6, org.springframework.security.web.savedrequest.RequestCacheAwareFilter@705d914f, org.springframework.security.web.servletapi.SecurityContextHolderAwareRequestFilter@6212ea52, org.springframework.security.web.authentication.AnonymousAuthenticationFilter@5d8e4fa8, org.springframework.security.web.session.SessionManagementFilter@7ca0166c, org.springframework.security.web.access.ExceptionTranslationFilter@21eedcde, org.springframework.security.web.access.intercept.AuthorizationFilter@571db8b4]
2023-04-29 13:04:10.835 [main] INFO  org.apache.coyote.http11.Http11NioProtocol - Starting ProtocolHandler ["http-nio-8080"]
2023-04-29 13:04:10.845 [main] INFO  o.s.boot.web.embedded.tomcat.TomcatWebServer - Tomcat started on port(s): 8080 (http) with context path ''
2023-04-29 13:04:10.851 [main] INFO  top.kjwang.ServerApplication - Started ServerApplication in 2.057 seconds (process running for 2.527)
2023-04-29 13:04:15.921 [http-nio-8080-exec-1] INFO  o.a.c.core.ContainerBase.[Tomcat].[localhost].[/] - Initializing Spring DispatcherServlet 'dispatcherServlet'
2023-04-29 13:04:15.921 [http-nio-8080-exec-1] INFO  org.springframework.web.servlet.DispatcherServlet - Initializing Servlet 'dispatcherServlet'
2023-04-29 13:04:15.922 [http-nio-8080-exec-1] INFO  org.springframework.web.servlet.DispatcherServlet - Completed initialization in 0 ms
2023-04-29 13:04:16.139 [http-nio-8080-exec-2] INFO  com.zaxxer.hikari.HikariDataSource - MakuHikariCP - Starting...
2023-04-29 13:04:16.267 [http-nio-8080-exec-2] INFO  com.zaxxer.hikari.pool.HikariPool - MakuHikariCP - Added connection com.mysql.cj.jdbc.ConnectionImpl@10c3dc28
2023-04-29 13:04:16.268 [http-nio-8080-exec-2] INFO  com.zaxxer.hikari.HikariDataSource - MakuHikariCP - Start completed.
2023-04-29 13:16:04.785 [SpringApplicationShutdownHook] INFO  com.zaxxer.hikari.HikariDataSource - MakuHikariCP - Shutdown initiated...
2023-04-29 13:16:04.787 [SpringApplicationShutdownHook] INFO  com.zaxxer.hikari.HikariDataSource - MakuHikariCP - Shutdown completed.
2023-04-29 13:16:06.781 [background-preinit] INFO  org.hibernate.validator.internal.util.Version - HV000001: Hibernate Validator 8.0.0.Final
2023-04-29 13:16:06.797 [main] INFO  top.kjwang.ServerApplication - Starting ServerApplication using Java 17.0.6 with PID 6286 (/Users/wangkaijie/Desktop/api-boot/api-server/target/classes started by wangkaijie in /Users/wangkaijie/Desktop/api-boot)
2023-04-29 13:16:06.798 [main] INFO  top.kjwang.ServerApplication - The following 1 profile is active: "dev"
2023-04-29 13:16:07.136 [main] INFO  o.s.d.r.config.RepositoryConfigurationDelegate - Multiple Spring Data modules found, entering strict repository configuration mode
2023-04-29 13:16:07.137 [main] INFO  o.s.d.r.config.RepositoryConfigurationDelegate - Bootstrapping Spring Data Redis repositories in DEFAULT mode.
2023-04-29 13:16:07.152 [main] INFO  o.s.d.r.config.RepositoryConfigurationDelegate - Finished Spring Data repository scanning in 9 ms. Found 0 Redis repository interfaces.
2023-04-29 13:16:07.446 [main] INFO  o.s.boot.web.embedded.tomcat.TomcatWebServer - Tomcat initialized with port(s): 8080 (http)
2023-04-29 13:16:07.450 [main] INFO  org.apache.coyote.http11.Http11NioProtocol - Initializing ProtocolHandler ["http-nio-8080"]
2023-04-29 13:16:07.450 [main] INFO  org.apache.catalina.core.StandardService - Starting service [Tomcat]
2023-04-29 13:16:07.450 [main] INFO  org.apache.catalina.core.StandardEngine - Starting Servlet engine: [Apache Tomcat/10.1.7]
2023-04-29 13:16:07.490 [main] INFO  o.a.c.core.ContainerBase.[Tomcat].[localhost].[/] - Initializing Spring embedded WebApplicationContext
2023-04-29 13:16:07.490 [main] INFO  o.s.b.w.s.c.ServletWebServerApplicationContext - Root WebApplicationContext: initialization completed in 677 ms
2023-04-29 13:16:08.299 [main] INFO  o.s.security.web.DefaultSecurityFilterChain - Will secure any request with [org.springframework.security.web.session.DisableEncodeUrlFilter@705d914f, org.springframework.security.web.context.request.async.WebAsyncManagerIntegrationFilter@6212ea52, org.springframework.security.web.context.SecurityContextHolderFilter@b529d7e, org.springframework.security.web.header.HeaderWriterFilter@3a12f3e7, org.springframework.security.web.authentication.logout.LogoutFilter@4682882a, top.kjwang.security.filter.AuthenticationTokenFilter@5408d4b3, org.springframework.security.web.savedrequest.RequestCacheAwareFilter@40aad17d, org.springframework.security.web.servletapi.SecurityContextHolderAwareRequestFilter@44e79e9e, org.springframework.security.web.authentication.AnonymousAuthenticationFilter@65b5b5ed, org.springframework.security.web.session.SessionManagementFilter@539dd2d0, org.springframework.security.web.access.ExceptionTranslationFilter@2bf4fa1, org.springframework.security.web.access.intercept.AuthorizationFilter@701c482e]
2023-04-29 13:16:08.488 [main] INFO  org.apache.coyote.http11.Http11NioProtocol - Starting ProtocolHandler ["http-nio-8080"]
2023-04-29 13:16:08.497 [main] INFO  o.s.boot.web.embedded.tomcat.TomcatWebServer - Tomcat started on port(s): 8080 (http) with context path ''
2023-04-29 13:16:08.502 [main] INFO  top.kjwang.ServerApplication - Started ServerApplication in 1.852 seconds (process running for 2.282)
2023-04-29 13:16:15.736 [http-nio-8080-exec-1] INFO  o.a.c.core.ContainerBase.[Tomcat].[localhost].[/] - Initializing Spring DispatcherServlet 'dispatcherServlet'
2023-04-29 13:16:15.737 [http-nio-8080-exec-1] INFO  org.springframework.web.servlet.DispatcherServlet - Initializing Servlet 'dispatcherServlet'
2023-04-29 13:16:15.738 [http-nio-8080-exec-1] INFO  org.springframework.web.servlet.DispatcherServlet - Completed initialization in 1 ms
2023-04-29 13:16:18.921 [http-nio-8080-exec-4] INFO  com.zaxxer.hikari.HikariDataSource - MakuHikariCP - Starting...
2023-04-29 13:16:19.044 [http-nio-8080-exec-4] INFO  com.zaxxer.hikari.pool.HikariPool - MakuHikariCP - Added connection com.mysql.cj.jdbc.ConnectionImpl@30b661fd
2023-04-29 13:16:19.045 [http-nio-8080-exec-4] INFO  com.zaxxer.hikari.HikariDataSource - MakuHikariCP - Start completed.
2023-04-29 15:54:12.599 [http-nio-8080-exec-6] INFO  org.springdoc.api.AbstractOpenApiResource - Init duration for springdoc-openapi is: 179 ms
