2023-04-29 09:42:23.113 [main] WARN  o.s.b.w.s.c.AnnotationConfigServletWebServerApplicationContext - Exception encountered during context initialization - cancelling refresh attempt: org.springframework.beans.factory.UnsatisfiedDependencyException: Error creating bean with name 'org.springframework.security.config.annotation.web.configuration.WebSecurityConfiguration': Unsatisfied dependency expressed through method 'setFilterChains' parameter 0: Error creating bean with name 'securityFilterChain' defined in class path resource [top/kjwang/security/config/SecurityConfig.class]: Failed to instantiate [org.springframework.security.web.SecurityFilterChain]: Factory method 'securityFilterChain' threw exception with message: Error creating bean with name 'mvcHandlerMappingIntrospector' defined in class path resource [org/springframework/boot/autoconfigure/web/servlet/WebMvcAutoConfiguration$EnableWebMvcConfiguration.class]: Error creating bean with name 'requestMappingHandlerMapping' defined in class path resource [org/springframework/boot/autoconfigure/web/servlet/WebMvcAutoConfiguration$EnableWebMvcConfiguration.class]: Ambiguous mapping. Cannot map 'sysUserController' method 
top.kjwang.rbac.controller.SysUserController#save(SysUserVO)
to {POST [/sys/user]}: There is already 'sysUserController' bean method
top.kjwang.rbac.controller.SysUserController#update(SysUserVO) mapped.
2023-04-29 09:43:32.565 [main] WARN  o.s.b.w.s.c.AnnotationConfigServletWebServerApplicationContext - Exception encountered during context initialization - cancelling refresh attempt: org.springframework.beans.factory.UnsatisfiedDependencyException: Error creating bean with name 'org.springframework.security.config.annotation.web.configuration.WebSecurityConfiguration': Unsatisfied dependency expressed through method 'setFilterChains' parameter 0: Error creating bean with name 'securityFilterChain' defined in class path resource [top/kjwang/security/config/SecurityConfig.class]: Failed to instantiate [org.springframework.security.web.SecurityFilterChain]: Factory method 'securityFilterChain' threw exception with message: Error creating bean with name 'mvcHandlerMappingIntrospector' defined in class path resource [org/springframework/boot/autoconfigure/web/servlet/WebMvcAutoConfiguration$EnableWebMvcConfiguration.class]: Error creating bean with name 'requestMappingHandlerMapping' defined in class path resource [org/springframework/boot/autoconfigure/web/servlet/WebMvcAutoConfiguration$EnableWebMvcConfiguration.class]: Ambiguous mapping. Cannot map 'sysUserController' method 
top.kjwang.rbac.controller.SysUserController#save(SysUserVO)
to {POST [/sys/user]}: There is already 'sysUserController' bean method
top.kjwang.rbac.controller.SysUserController#update(SysUserVO) mapped.
2023-04-29 09:45:17.565 [main] WARN  o.s.b.w.s.c.AnnotationConfigServletWebServerApplicationContext - Exception encountered during context initialization - cancelling refresh attempt: org.springframework.beans.factory.UnsatisfiedDependencyException: Error creating bean with name 'org.springframework.security.config.annotation.web.configuration.WebSecurityConfiguration': Unsatisfied dependency expressed through method 'setFilterChains' parameter 0: Error creating bean with name 'securityFilterChain' defined in class path resource [top/kjwang/security/config/SecurityConfig.class]: Failed to instantiate [org.springframework.security.web.SecurityFilterChain]: Factory method 'securityFilterChain' threw exception with message: Error creating bean with name 'mvcHandlerMappingIntrospector' defined in class path resource [org/springframework/boot/autoconfigure/web/servlet/WebMvcAutoConfiguration$EnableWebMvcConfiguration.class]: Error creating bean with name 'requestMappingHandlerMapping' defined in class path resource [org/springframework/boot/autoconfigure/web/servlet/WebMvcAutoConfiguration$EnableWebMvcConfiguration.class]: Ambiguous mapping. Cannot map 'sysUserController' method 
top.kjwang.rbac.controller.SysUserController#save(SysUserVO)
to {POST [/sys/user]}: There is already 'sysUserController' bean method
top.kjwang.rbac.controller.SysUserController#update(SysUserVO) mapped.
2023-04-29 09:46:55.187 [main] WARN  o.s.b.w.s.c.AnnotationConfigServletWebServerApplicationContext - Exception encountered during context initialization - cancelling refresh attempt: org.springframework.beans.factory.UnsatisfiedDependencyException: Error creating bean with name 'org.springframework.security.config.annotation.web.configuration.WebSecurityConfiguration': Unsatisfied dependency expressed through method 'setFilterChains' parameter 0: Error creating bean with name 'securityFilterChain' defined in class path resource [top/kjwang/security/config/SecurityConfig.class]: Failed to instantiate [org.springframework.security.web.SecurityFilterChain]: Factory method 'securityFilterChain' threw exception with message: Error creating bean with name 'mvcHandlerMappingIntrospector' defined in class path resource [org/springframework/boot/autoconfigure/web/servlet/WebMvcAutoConfiguration$EnableWebMvcConfiguration.class]: Error creating bean with name 'requestMappingHandlerMapping' defined in class path resource [org/springframework/boot/autoconfigure/web/servlet/WebMvcAutoConfiguration$EnableWebMvcConfiguration.class]: Ambiguous mapping. Cannot map 'sysUserController' method 
top.kjwang.rbac.controller.SysUserController#save(SysUserVO)
to {POST [/sys/user]}: There is already 'sysUserController' bean method
top.kjwang.rbac.controller.SysUserController#update(SysUserVO) mapped.
2023-04-29 09:50:32.749 [main] WARN  o.s.b.w.s.c.AnnotationConfigServletWebServerApplicationContext - Exception encountered during context initialization - cancelling refresh attempt: org.springframework.beans.factory.UnsatisfiedDependencyException: Error creating bean with name 'sysUserController' defined in file [/Users/wangkaijie/Desktop/api-boot/api-admin-core/target/classes/top/kjwang/rbac/controller/SysUserController.class]: Unsatisfied dependency expressed through constructor parameter 3: No qualifying bean of type 'top.kjwang.rbac.service.SysUserRoleService' available: expected at least 1 bean which qualifies as autowire candidate. Dependency annotations: {}
2023-04-29 09:50:47.681 [main] WARN  o.s.b.w.s.c.AnnotationConfigServletWebServerApplicationContext - Exception encountered during context initialization - cancelling refresh attempt: org.springframework.beans.factory.UnsatisfiedDependencyException: Error creating bean with name 'sysUserController' defined in file [/Users/wangkaijie/Desktop/api-boot/api-admin-core/target/classes/top/kjwang/rbac/controller/SysUserController.class]: Unsatisfied dependency expressed through constructor parameter 3: No qualifying bean of type 'top.kjwang.rbac.service.SysUserRoleService' available: expected at least 1 bean which qualifies as autowire candidate. Dependency annotations: {}
2023-04-29 09:51:38.475 [main] WARN  o.s.b.w.s.c.AnnotationConfigServletWebServerApplicationContext - Exception encountered during context initialization - cancelling refresh attempt: org.springframework.beans.factory.UnsatisfiedDependencyException: Error creating bean with name 'org.springframework.security.config.annotation.web.configuration.WebSecurityConfiguration': Unsatisfied dependency expressed through method 'setFilterChains' parameter 0: Error creating bean with name 'securityFilterChain' defined in class path resource [top/kjwang/security/config/SecurityConfig.class]: Failed to instantiate [org.springframework.security.web.SecurityFilterChain]: Factory method 'securityFilterChain' threw exception with message: Error creating bean with name 'mvcHandlerMappingIntrospector' defined in class path resource [org/springframework/boot/autoconfigure/web/servlet/WebMvcAutoConfiguration$EnableWebMvcConfiguration.class]: Error creating bean with name 'requestMappingHandlerMapping' defined in class path resource [org/springframework/boot/autoconfigure/web/servlet/WebMvcAutoConfiguration$EnableWebMvcConfiguration.class]: Ambiguous mapping. Cannot map 'sysUserController' method 
top.kjwang.rbac.controller.SysUserController#save(SysUserVO)
to {POST [/sys/user]}: There is already 'sysUserController' bean method
top.kjwang.rbac.controller.SysUserController#update(SysUserVO) mapped.
2023-04-29 09:52:47.048 [main] WARN  o.s.b.w.s.c.AnnotationConfigServletWebServerApplicationContext - Exception encountered during context initialization - cancelling refresh attempt: org.springframework.beans.factory.UnsatisfiedDependencyException: Error creating bean with name 'org.springframework.security.config.annotation.web.configuration.WebSecurityConfiguration': Unsatisfied dependency expressed through method 'setFilterChains' parameter 0: Error creating bean with name 'securityFilterChain' defined in class path resource [top/kjwang/security/config/SecurityConfig.class]: Failed to instantiate [org.springframework.security.web.SecurityFilterChain]: Factory method 'securityFilterChain' threw exception with message: Error creating bean with name 'mvcHandlerMappingIntrospector' defined in class path resource [org/springframework/boot/autoconfigure/web/servlet/WebMvcAutoConfiguration$EnableWebMvcConfiguration.class]: Error creating bean with name 'requestMappingHandlerMapping' defined in class path resource [org/springframework/boot/autoconfigure/web/servlet/WebMvcAutoConfiguration$EnableWebMvcConfiguration.class]: Ambiguous mapping. Cannot map 'sysUserController' method 
top.kjwang.rbac.controller.SysUserController#save(SysUserVO)
to {POST [/sys/user]}: There is already 'sysUserController' bean method
top.kjwang.rbac.controller.SysUserController#update(SysUserVO) mapped.
2023-04-29 09:54:54.470 [main] WARN  o.s.b.w.s.c.AnnotationConfigServletWebServerApplicationContext - Exception encountered during context initialization - cancelling refresh attempt: org.springframework.beans.factory.UnsatisfiedDependencyException: Error creating bean with name 'org.springframework.security.config.annotation.web.configuration.WebSecurityConfiguration': Unsatisfied dependency expressed through method 'setFilterChains' parameter 0: Error creating bean with name 'securityFilterChain' defined in class path resource [top/kjwang/security/config/SecurityConfig.class]: Failed to instantiate [org.springframework.security.web.SecurityFilterChain]: Factory method 'securityFilterChain' threw exception with message: Error creating bean with name 'mvcHandlerMappingIntrospector' defined in class path resource [org/springframework/boot/autoconfigure/web/servlet/WebMvcAutoConfiguration$EnableWebMvcConfiguration.class]: Error creating bean with name 'requestMappingHandlerMapping' defined in class path resource [org/springframework/boot/autoconfigure/web/servlet/WebMvcAutoConfiguration$EnableWebMvcConfiguration.class]: Ambiguous mapping. Cannot map 'sysUserController' method 
top.kjwang.rbac.controller.SysUserController#save(SysUserVO)
to {POST [/sys/user]}: There is already 'sysUserController' bean method
top.kjwang.rbac.controller.SysUserController#update(SysUserVO) mapped.
2023-04-29 09:55:58.386 [main] WARN  o.s.b.w.s.c.AnnotationConfigServletWebServerApplicationContext - Exception encountered during context initialization - cancelling refresh attempt: org.springframework.beans.factory.UnsatisfiedDependencyException: Error creating bean with name 'org.springframework.security.config.annotation.web.configuration.WebSecurityConfiguration': Unsatisfied dependency expressed through method 'setFilterChains' parameter 0: Error creating bean with name 'securityFilterChain' defined in class path resource [top/kjwang/security/config/SecurityConfig.class]: Failed to instantiate [org.springframework.security.web.SecurityFilterChain]: Factory method 'securityFilterChain' threw exception with message: Error creating bean with name 'mvcHandlerMappingIntrospector' defined in class path resource [org/springframework/boot/autoconfigure/web/servlet/WebMvcAutoConfiguration$EnableWebMvcConfiguration.class]: Error creating bean with name 'requestMappingHandlerMapping' defined in class path resource [org/springframework/boot/autoconfigure/web/servlet/WebMvcAutoConfiguration$EnableWebMvcConfiguration.class]: Ambiguous mapping. Cannot map 'sysUserController' method 
top.kjwang.rbac.controller.SysUserController#save(SysUserVO)
to {POST [/sys/user]}: There is already 'sysUserController' bean method
top.kjwang.rbac.controller.SysUserController#update(SysUserVO) mapped.
2023-04-29 09:56:57.781 [main] WARN  o.s.b.w.s.c.AnnotationConfigServletWebServerApplicationContext - Exception encountered during context initialization - cancelling refresh attempt: org.springframework.beans.factory.UnsatisfiedDependencyException: Error creating bean with name 'org.springframework.security.config.annotation.web.configuration.WebSecurityConfiguration': Unsatisfied dependency expressed through method 'setFilterChains' parameter 0: Error creating bean with name 'securityFilterChain' defined in class path resource [top/kjwang/security/config/SecurityConfig.class]: Failed to instantiate [org.springframework.security.web.SecurityFilterChain]: Factory method 'securityFilterChain' threw exception with message: Error creating bean with name 'mvcHandlerMappingIntrospector' defined in class path resource [org/springframework/boot/autoconfigure/web/servlet/WebMvcAutoConfiguration$EnableWebMvcConfiguration.class]: Error creating bean with name 'requestMappingHandlerMapping' defined in class path resource [org/springframework/boot/autoconfigure/web/servlet/WebMvcAutoConfiguration$EnableWebMvcConfiguration.class]: Ambiguous mapping. Cannot map 'sysUserController' method 
top.kjwang.rbac.controller.SysUserController#save(SysUserVO)
to {POST []}: There is already 'sysUserController' bean method
top.kjwang.rbac.controller.SysUserController#update(SysUserVO) mapped.
2023-04-29 10:00:12.542 [main] WARN  o.s.b.w.s.c.AnnotationConfigServletWebServerApplicationContext - Exception encountered during context initialization - cancelling refresh attempt: org.springframework.beans.factory.UnsatisfiedDependencyException: Error creating bean with name 'org.springframework.security.config.annotation.web.configuration.WebSecurityConfiguration': Unsatisfied dependency expressed through method 'setFilterChains' parameter 0: Error creating bean with name 'securityFilterChain' defined in class path resource [top/kjwang/security/config/SecurityConfig.class]: Failed to instantiate [org.springframework.security.web.SecurityFilterChain]: Factory method 'securityFilterChain' threw exception with message: Error creating bean with name 'mvcHandlerMappingIntrospector' defined in class path resource [org/springframework/boot/autoconfigure/web/servlet/WebMvcAutoConfiguration$EnableWebMvcConfiguration.class]: Error creating bean with name 'requestMappingHandlerMapping' defined in class path resource [org/springframework/boot/autoconfigure/web/servlet/WebMvcAutoConfiguration$EnableWebMvcConfiguration.class]: Ambiguous mapping. Cannot map 'sysUserController' method 
top.kjwang.rbac.controller.SysUserController#save(SysUserVO)
to {POST [/sys/user]}: There is already 'sysUserController' bean method
top.kjwang.rbac.controller.SysUserController#update(SysUserVO) mapped.
2023-04-29 10:43:24.472 [http-nio-8080-exec-15] WARN  c.b.m.core.toolkit.support.ReflectLambdaMeta - Unable to make field private final java.lang.Class java.lang.invoke.SerializedLambda.capturingClass accessible: module java.base does not "opens java.lang.invoke" to unnamed module @8f4ea7c
2023-04-29 11:25:02.960 [MakuHikariCP housekeeper] WARN  com.zaxxer.hikari.pool.HikariPool - MakuHikariCP - Thread starvation or clock leap detected (housekeeper delta=15m54s968ms).
2023-04-29 11:34:20.841 [MakuHikariCP housekeeper] WARN  com.zaxxer.hikari.pool.HikariPool - MakuHikariCP - Thread starvation or clock leap detected (housekeeper delta=9m17s882ms).
2023-04-29 11:35:49.951 [MakuHikariCP housekeeper] WARN  com.zaxxer.hikari.pool.HikariPool - MakuHikariCP - Thread starvation or clock leap detected (housekeeper delta=1m29s110ms).
2023-04-29 13:10:27.081 [http-nio-8080-exec-4] WARN  c.b.m.core.toolkit.support.ReflectLambdaMeta - Unable to make field private final java.lang.Class java.lang.invoke.SerializedLambda.capturingClass accessible: module java.base does not "opens java.lang.invoke" to unnamed module @8f4ea7c
2023-04-29 13:26:19.111 [MakuHikariCP housekeeper] WARN  com.zaxxer.hikari.pool.HikariPool - MakuHikariCP - Thread starvation or clock leap detected (housekeeper delta=2m59s906ms).
2023-04-29 13:38:47.703 [MakuHikariCP housekeeper] WARN  com.zaxxer.hikari.pool.HikariPool - MakuHikariCP - Thread starvation or clock leap detected (housekeeper delta=58s474ms).
2023-04-29 13:55:19.555 [MakuHikariCP housekeeper] WARN  com.zaxxer.hikari.pool.HikariPool - MakuHikariCP - Thread starvation or clock leap detected (housekeeper delta=16m1s842ms).
2023-04-29 14:11:41.507 [MakuHikariCP housekeeper] WARN  com.zaxxer.hikari.pool.HikariPool - MakuHikariCP - Thread starvation or clock leap detected (housekeeper delta=15m51s963ms).
2023-04-29 14:27:43.382 [MakuHikariCP housekeeper] WARN  com.zaxxer.hikari.pool.HikariPool - MakuHikariCP - Thread starvation or clock leap detected (housekeeper delta=16m1s875ms).
2023-04-29 14:44:49.362 [MakuHikariCP housekeeper] WARN  com.zaxxer.hikari.pool.HikariPool - MakuHikariCP - Thread starvation or clock leap detected (housekeeper delta=16m35s967ms).
2023-04-29 15:03:28.093 [MakuHikariCP housekeeper] WARN  com.zaxxer.hikari.pool.HikariPool - MakuHikariCP - Thread starvation or clock leap detected (housekeeper delta=16m8s689ms).
2023-04-29 15:20:56.956 [MakuHikariCP housekeeper] WARN  com.zaxxer.hikari.pool.HikariPool - MakuHikariCP - Thread starvation or clock leap detected (housekeeper delta=16m58s881ms).
2023-04-29 15:37:37.880 [MakuHikariCP housekeeper] WARN  com.zaxxer.hikari.pool.HikariPool - MakuHikariCP - Thread starvation or clock leap detected (housekeeper delta=16m10s913ms).
2023-04-29 15:51:14.388 [MakuHikariCP housekeeper] WARN  com.zaxxer.hikari.pool.HikariPool - MakuHikariCP - Thread starvation or clock leap detected (housekeeper delta=13m6s495ms).
2023-04-29 15:54:38.623 [http-nio-8080-exec-27] WARN  c.b.m.core.toolkit.support.ReflectLambdaMeta - Unable to make field private final java.lang.Class java.lang.invoke.SerializedLambda.capturingClass accessible: module java.base does not "opens java.lang.invoke" to unnamed module @8f4ea7c
2023-04-29 16:23:36.863 [MakuHikariCP housekeeper] WARN  com.zaxxer.hikari.pool.HikariPool - MakuHikariCP - Thread starvation or clock leap detected (housekeeper delta=16m22s335ms).
2023-04-29 16:40:33.625 [MakuHikariCP housekeeper] WARN  com.zaxxer.hikari.pool.HikariPool - MakuHikariCP - Thread starvation or clock leap detected (housekeeper delta=16m26s750ms).
2023-04-29 16:58:22.627 [MakuHikariCP housekeeper] WARN  com.zaxxer.hikari.pool.HikariPool - MakuHikariCP - Thread starvation or clock leap detected (housekeeper delta=17m18s996ms).
2023-04-29 17:15:01.586 [MakuHikariCP housekeeper] WARN  com.zaxxer.hikari.pool.HikariPool - MakuHikariCP - Thread starvation or clock leap detected (housekeeper delta=16m8s950ms).
2023-04-29 17:31:27.504 [MakuHikariCP housekeeper] WARN  com.zaxxer.hikari.pool.HikariPool - MakuHikariCP - Thread starvation or clock leap detected (housekeeper delta=16m25s918ms).
2023-04-29 17:39:12.874 [MakuHikariCP housekeeper] WARN  com.zaxxer.hikari.pool.HikariPool - MakuHikariCP - Thread starvation or clock leap detected (housekeeper delta=7m15s366ms).
2023-04-29 17:54:59.294 [MakuHikariCP housekeeper] WARN  com.zaxxer.hikari.pool.HikariPool - MakuHikariCP - Thread starvation or clock leap detected (housekeeper delta=15m46s420ms).
2023-04-29 18:12:09.269 [MakuHikariCP housekeeper] WARN  com.zaxxer.hikari.pool.HikariPool - MakuHikariCP - Thread starvation or clock leap detected (housekeeper delta=16m39s965ms).
2023-04-29 18:30:18.129 [MakuHikariCP housekeeper] WARN  com.zaxxer.hikari.pool.HikariPool - MakuHikariCP - Thread starvation or clock leap detected (housekeeper delta=17m38s852ms).
2023-04-29 18:35:17.055 [MakuHikariCP housekeeper] WARN  com.zaxxer.hikari.pool.HikariPool - MakuHikariCP - Thread starvation or clock leap detected (housekeeper delta=4m28s917ms).
2023-04-29 18:52:16.104 [MakuHikariCP housekeeper] WARN  com.zaxxer.hikari.pool.HikariPool - MakuHikariCP - Thread starvation or clock leap detected (housekeeper delta=16m59s49ms).
2023-04-29 19:09:37.050 [MakuHikariCP housekeeper] WARN  com.zaxxer.hikari.pool.HikariPool - MakuHikariCP - Thread starvation or clock leap detected (housekeeper delta=16m50s934ms).
2023-04-29 19:28:29.836 [MakuHikariCP housekeeper] WARN  com.zaxxer.hikari.pool.HikariPool - MakuHikariCP - Thread starvation or clock leap detected (housekeeper delta=18m22s774ms).
2023-04-29 19:46:28.719 [MakuHikariCP housekeeper] WARN  com.zaxxer.hikari.pool.HikariPool - MakuHikariCP - Thread starvation or clock leap detected (housekeeper delta=17m58s883ms).
2023-04-29 19:51:52.249 [MakuHikariCP housekeeper] WARN  com.zaxxer.hikari.pool.HikariPool - MakuHikariCP - Thread starvation or clock leap detected (housekeeper delta=4m53s525ms).
2023-04-29 20:20:37.698 [MakuHikariCP housekeeper] WARN  com.zaxxer.hikari.pool.HikariPool - MakuHikariCP - Thread starvation or clock leap detected (housekeeper delta=1m15s278ms).
2023-04-29 20:36:32.172 [MakuHikariCP housekeeper] WARN  com.zaxxer.hikari.pool.HikariPool - MakuHikariCP - Thread starvation or clock leap detected (housekeeper delta=15m54s474ms).
2023-04-29 20:55:19.983 [MakuHikariCP housekeeper] WARN  com.zaxxer.hikari.pool.HikariPool - MakuHikariCP - Thread starvation or clock leap detected (housekeeper delta=18m17s806ms).
2023-04-29 21:11:28.908 [MakuHikariCP housekeeper] WARN  com.zaxxer.hikari.pool.HikariPool - MakuHikariCP - Thread starvation or clock leap detected (housekeeper delta=16m8s925ms).
2023-04-29 21:27:38.717 [MakuHikariCP housekeeper] WARN  com.zaxxer.hikari.pool.HikariPool - MakuHikariCP - Thread starvation or clock leap detected (housekeeper delta=15m39s807ms).
2023-04-29 21:44:45.405 [MakuHikariCP housekeeper] WARN  com.zaxxer.hikari.pool.HikariPool - MakuHikariCP - Thread starvation or clock leap detected (housekeeper delta=16m36s678ms).
2023-04-29 21:50:59.490 [MakuHikariCP housekeeper] WARN  com.zaxxer.hikari.pool.HikariPool - MakuHikariCP - Thread starvation or clock leap detected (housekeeper delta=5m44s90ms).
2023-04-29 22:54:45.720 [MakuHikariCP housekeeper] WARN  com.zaxxer.hikari.pool.HikariPool - MakuHikariCP - Thread starvation or clock leap detected (housekeeper delta=17m13s302ms).
2023-04-29 23:00:30.030 [MakuHikariCP housekeeper] WARN  com.zaxxer.hikari.pool.HikariPool - MakuHikariCP - Thread starvation or clock leap detected (housekeeper delta=5m14s285ms).
2023-04-29 23:16:32.896 [MakuHikariCP housekeeper] WARN  com.zaxxer.hikari.pool.HikariPool - MakuHikariCP - Thread starvation or clock leap detected (housekeeper delta=15m32s857ms).
2023-04-29 23:34:18.719 [MakuHikariCP housekeeper] WARN  com.zaxxer.hikari.pool.HikariPool - MakuHikariCP - Thread starvation or clock leap detected (housekeeper delta=16m12s487ms).
2023-04-29 23:52:16.651 [MakuHikariCP housekeeper] WARN  com.zaxxer.hikari.pool.HikariPool - MakuHikariCP - Thread starvation or clock leap detected (housekeeper delta=17m27s938ms).
