2023-04-26 01:08:28.289 [MakuHikariCP housekeeper] WARN  com.zaxxer.hikari.pool.HikariPool - MakuHikariCP - Thread starvation or clock leap detected (housekeeper delta=1h21m19s634ms).
2023-04-26 02:46:22.634 [MakuHikariCP housekeeper] WARN  com.zaxxer.hikari.pool.HikariPool - MakuHikariCP - Thread starvation or clock leap detected (housekeeper delta=1h37m54s346ms).
2023-04-26 04:06:13.300 [MakuHikariCP housekeeper] WARN  com.zaxxer.hikari.pool.HikariPool - MakuHikariCP - Thread starvation or clock leap detected (housekeeper delta=1h19m50s666ms).
2023-04-26 04:56:50.089 [MakuHikariCP housekeeper] WARN  com.zaxxer.hikari.pool.HikariPool - MakuHikariCP - Thread starvation or clock leap detected (housekeeper delta=50m36s789ms).
2023-04-26 05:48:02.070 [MakuHikariCP housekeeper] WARN  com.zaxxer.hikari.pool.HikariPool - MakuHikariCP - Thread starvation or clock leap detected (housekeeper delta=50m11s970ms).
2023-04-26 07:00:06.791 [MakuHikariCP housekeeper] WARN  com.zaxxer.hikari.pool.HikariPool - MakuHikariCP - Thread starvation or clock leap detected (housekeeper delta=1h12m4s721ms).
2023-04-26 07:40:07.671 [MakuHikariCP housekeeper] WARN  com.zaxxer.hikari.pool.HikariPool - MakuHikariCP - Thread starvation or clock leap detected (housekeeper delta=40m880ms).
2023-04-26 07:45:31.004 [MakuHikariCP housekeeper] WARN  com.zaxxer.hikari.pool.HikariPool - MakuHikariCP - Thread starvation or clock leap detected (housekeeper delta=5m23s332ms).
2023-04-26 07:50:16.824 [MakuHikariCP housekeeper] WARN  com.zaxxer.hikari.pool.HikariPool - MakuHikariCP - Thread starvation or clock leap detected (housekeeper delta=4m45s821ms).
2023-04-26 07:53:03.196 [MakuHikariCP housekeeper] WARN  com.zaxxer.hikari.pool.HikariPool - MakuHikariCP - Thread starvation or clock leap detected (housekeeper delta=1m16s347ms).
2023-04-26 07:54:07.043 [MakuHikariCP housekeeper] WARN  com.zaxxer.hikari.pool.HikariPool - MakuHikariCP - Thread starvation or clock leap detected (housekeeper delta=1m3s846ms).
2023-04-26 08:46:40.247 [MakuHikariCP housekeeper] WARN  com.zaxxer.hikari.pool.HikariPool - MakuHikariCP - Thread starvation or clock leap detected (housekeeper delta=52m33s205ms).
2023-04-26 09:41:53.659 [MakuHikariCP housekeeper] WARN  com.zaxxer.hikari.pool.HikariPool - MakuHikariCP - Thread starvation or clock leap detected (housekeeper delta=55m13s412ms).
2023-04-26 09:43:22.992 [MakuHikariCP housekeeper] WARN  com.zaxxer.hikari.pool.HikariPool - MakuHikariCP - Retrograde clock change detected (housekeeper delta=29s323ms), soft-evicting connections from pool.
2023-04-26 09:50:14.671 [MakuHikariCP housekeeper] WARN  com.zaxxer.hikari.pool.HikariPool - MakuHikariCP - Thread starvation or clock leap detected (housekeeper delta=3m51s745ms).
2023-04-26 10:08:38.543 [MakuHikariCP housekeeper] WARN  com.zaxxer.hikari.pool.HikariPool - MakuHikariCP - Thread starvation or clock leap detected (housekeeper delta=16m23s833ms).
2023-04-26 11:13:13.627 [MakuHikariCP housekeeper] WARN  com.zaxxer.hikari.pool.HikariPool - MakuHikariCP - Thread starvation or clock leap detected (housekeeper delta=1h4m35s84ms).
2023-04-26 11:42:36.642 [MakuHikariCP housekeeper] WARN  com.zaxxer.hikari.pool.HikariPool - MakuHikariCP - Thread starvation or clock leap detected (housekeeper delta=29m23s15ms).
2023-04-26 12:00:14.512 [MakuHikariCP housekeeper] WARN  com.zaxxer.hikari.pool.HikariPool - MakuHikariCP - Thread starvation or clock leap detected (housekeeper delta=4m7s776ms).
2023-04-26 12:02:28.673 [MakuHikariCP housekeeper] WARN  com.zaxxer.hikari.pool.HikariPool - MakuHikariCP - Thread starvation or clock leap detected (housekeeper delta=2m14s162ms).
2023-04-26 12:27:19.208 [MakuHikariCP housekeeper] WARN  com.zaxxer.hikari.pool.HikariPool - MakuHikariCP - Thread starvation or clock leap detected (housekeeper delta=24m50s535ms).
2023-04-26 13:00:51.831 [MakuHikariCP housekeeper] WARN  com.zaxxer.hikari.pool.HikariPool - MakuHikariCP - Thread starvation or clock leap detected (housekeeper delta=10m32s193ms).
2023-04-26 13:16:56.787 [MakuHikariCP housekeeper] WARN  com.zaxxer.hikari.pool.HikariPool - MakuHikariCP - Thread starvation or clock leap detected (housekeeper delta=16m4s956ms).
2023-04-26 14:42:26.521 [MakuHikariCP housekeeper] WARN  com.zaxxer.hikari.pool.HikariPool - MakuHikariCP - Thread starvation or clock leap detected (housekeeper delta=5m28s665ms).
2023-04-26 15:00:04.294 [MakuHikariCP housekeeper] WARN  com.zaxxer.hikari.pool.HikariPool - MakuHikariCP - Thread starvation or clock leap detected (housekeeper delta=17m7s780ms).
2023-04-26 15:06:16.183 [MakuHikariCP housekeeper] WARN  com.zaxxer.hikari.pool.HikariPool - MakuHikariCP - Thread starvation or clock leap detected (housekeeper delta=5m41s883ms).
2023-04-26 15:19:31.785 [MakuHikariCP housekeeper] WARN  com.zaxxer.hikari.pool.HikariPool - MakuHikariCP - Thread starvation or clock leap detected (housekeeper delta=12m45s603ms).
2023-04-26 15:35:15.731 [MakuHikariCP housekeeper] WARN  com.zaxxer.hikari.pool.HikariPool - MakuHikariCP - Thread starvation or clock leap detected (housekeeper delta=15m43s946ms).
2023-04-26 15:51:29.636 [MakuHikariCP housekeeper] WARN  com.zaxxer.hikari.pool.HikariPool - MakuHikariCP - Thread starvation or clock leap detected (housekeeper delta=15m43s892ms).
2023-04-26 16:05:54.437 [MakuHikariCP housekeeper] WARN  com.zaxxer.hikari.pool.HikariPool - MakuHikariCP - Thread starvation or clock leap detected (housekeeper delta=14m24s801ms).
2023-04-26 16:32:21.444 [MakuHikariCP housekeeper] WARN  com.zaxxer.hikari.pool.HikariPool - MakuHikariCP - Thread starvation or clock leap detected (housekeeper delta=16m56s989ms).
2023-04-26 16:48:18.198 [MakuHikariCP housekeeper] WARN  com.zaxxer.hikari.pool.HikariPool - MakuHikariCP - Thread starvation or clock leap detected (housekeeper delta=15m56s754ms).
2023-04-26 17:07:15.016 [MakuHikariCP housekeeper] WARN  com.zaxxer.hikari.pool.HikariPool - MakuHikariCP - Thread starvation or clock leap detected (housekeeper delta=17m56s782ms).
2023-04-26 17:23:44.934 [MakuHikariCP housekeeper] WARN  com.zaxxer.hikari.pool.HikariPool - MakuHikariCP - Thread starvation or clock leap detected (housekeeper delta=16m29s918ms).
2023-04-26 17:39:46.926 [MakuHikariCP housekeeper] WARN  com.zaxxer.hikari.pool.HikariPool - MakuHikariCP - Thread starvation or clock leap detected (housekeeper delta=15m31s983ms).
2023-04-26 17:56:21.870 [MakuHikariCP housekeeper] WARN  com.zaxxer.hikari.pool.HikariPool - MakuHikariCP - Thread starvation or clock leap detected (housekeeper delta=16m34s944ms).
2023-04-26 18:07:38.958 [MakuHikariCP housekeeper] WARN  com.zaxxer.hikari.pool.HikariPool - MakuHikariCP - Thread starvation or clock leap detected (housekeeper delta=10m47s77ms).
2023-04-26 19:42:37.346 [MakuHikariCP housekeeper] WARN  com.zaxxer.hikari.pool.HikariPool - MakuHikariCP - Thread starvation or clock leap detected (housekeeper delta=5m27s750ms).
2023-04-26 19:48:05.282 [MakuHikariCP housekeeper] WARN  com.zaxxer.hikari.pool.HikariPool - MakuHikariCP - Thread starvation or clock leap detected (housekeeper delta=5m27s937ms).
2023-04-26 19:49:27.251 [MakuHikariCP housekeeper] WARN  com.zaxxer.hikari.pool.HikariPool - MakuHikariCP - Thread starvation or clock leap detected (housekeeper delta=51s956ms).
2023-04-26 21:23:27.832 [MakuHikariCP housekeeper] WARN  com.zaxxer.hikari.pool.HikariPool - MakuHikariCP - Thread starvation or clock leap detected (housekeeper delta=4m29s984ms).
2023-04-26 21:32:00.973 [MakuHikariCP housekeeper] WARN  com.zaxxer.hikari.pool.HikariPool - MakuHikariCP - Thread starvation or clock leap detected (housekeeper delta=4m33s93ms).
2023-04-26 22:20:14.747 [MakuHikariCP housekeeper] WARN  com.zaxxer.hikari.pool.HikariPool - MakuHikariCP - Thread starvation or clock leap detected (housekeeper delta=5m13s352ms).
2023-04-26 22:45:38.261 [MakuHikariCP housekeeper] WARN  com.zaxxer.hikari.pool.HikariPool - MakuHikariCP - Thread starvation or clock leap detected (housekeeper delta=25m23s515ms).
2023-04-26 23:16:03.240 [MakuHikariCP housekeeper] WARN  com.zaxxer.hikari.pool.HikariPool - MakuHikariCP - Thread starvation or clock leap detected (housekeeper delta=15m54s880ms).
