2023-05-01 00:07:35.344 [MakuHikariCP housekeeper] WARN  com.zaxxer.hikari.pool.HikariPool - MakuHikariCP - Thread starvation or clock leap detected (housekeeper delta=17m20s154ms).
2023-05-01 00:25:30.331 [MakuHikariCP housekeeper] WARN  com.zaxxer.hikari.pool.HikariPool - MakuHikariCP - Thread starvation or clock leap detected (housekeeper delta=17m24s951ms).
2023-05-01 00:43:03.717 [MakuHikariCP housekeeper] WARN  com.zaxxer.hikari.pool.HikariPool - MakuHikariCP - Thread starvation or clock leap detected (housekeeper delta=17m3s374ms).
2023-05-01 00:59:28.540 [MakuHikariCP housekeeper] WARN  com.zaxxer.hikari.pool.HikariPool - MakuHikariCP - Thread starvation or clock leap detected (housekeeper delta=16m24s823ms).
2023-05-01 01:07:34.062 [MakuHikariCP housekeeper] WARN  com.zaxxer.hikari.pool.HikariPool - MakuHikariCP - Thread starvation or clock leap detected (housekeeper delta=7m35s510ms).
2023-05-01 01:23:51.495 [MakuHikariCP housekeeper] WARN  com.zaxxer.hikari.pool.HikariPool - MakuHikariCP - Thread starvation or clock leap detected (housekeeper delta=16m17s432ms).
2023-05-01 01:42:20.438 [MakuHikariCP housekeeper] WARN  com.zaxxer.hikari.pool.HikariPool - MakuHikariCP - Thread starvation or clock leap detected (housekeeper delta=17m58s943ms).
2023-05-01 01:59:49.355 [MakuHikariCP housekeeper] WARN  com.zaxxer.hikari.pool.HikariPool - MakuHikariCP - Thread starvation or clock leap detected (housekeeper delta=16m58s906ms).
2023-05-01 02:17:20.271 [MakuHikariCP housekeeper] WARN  com.zaxxer.hikari.pool.HikariPool - MakuHikariCP - Thread starvation or clock leap detected (housekeeper delta=17m904ms).
2023-05-01 02:34:33.233 [MakuHikariCP housekeeper] WARN  com.zaxxer.hikari.pool.HikariPool - MakuHikariCP - Thread starvation or clock leap detected (housekeeper delta=17m12s962ms).
2023-05-01 02:52:50.227 [MakuHikariCP housekeeper] WARN  com.zaxxer.hikari.pool.HikariPool - MakuHikariCP - Thread starvation or clock leap detected (housekeeper delta=17m46s961ms).
2023-05-01 03:14:08.026 [MakuHikariCP housekeeper] WARN  com.zaxxer.hikari.pool.HikariPool - MakuHikariCP - Thread starvation or clock leap detected (housekeeper delta=18m17s744ms).
2023-05-01 03:27:14.791 [MakuHikariCP housekeeper] WARN  com.zaxxer.hikari.pool.HikariPool - MakuHikariCP - Thread starvation or clock leap detected (housekeeper delta=12m36s753ms).
2023-05-01 03:42:57.844 [MakuHikariCP housekeeper] WARN  com.zaxxer.hikari.pool.HikariPool - MakuHikariCP - Thread starvation or clock leap detected (housekeeper delta=15m43s52ms).
2023-05-01 04:00:39.806 [MakuHikariCP housekeeper] WARN  com.zaxxer.hikari.pool.HikariPool - MakuHikariCP - Thread starvation or clock leap detected (housekeeper delta=17m11s968ms).
2023-05-01 04:17:24.742 [MakuHikariCP housekeeper] WARN  com.zaxxer.hikari.pool.HikariPool - MakuHikariCP - Thread starvation or clock leap detected (housekeeper delta=16m44s936ms).
2023-05-01 04:35:07.619 [MakuHikariCP housekeeper] WARN  com.zaxxer.hikari.pool.HikariPool - MakuHikariCP - Thread starvation or clock leap detected (housekeeper delta=17m12s860ms).
2023-05-01 04:37:22.834 [MakuHikariCP housekeeper] WARN  com.zaxxer.hikari.pool.HikariPool - MakuHikariCP - Thread starvation or clock leap detected (housekeeper delta=1m45s205ms).
2023-05-01 04:51:49.171 [MakuHikariCP housekeeper] WARN  com.zaxxer.hikari.pool.HikariPool - MakuHikariCP - Thread starvation or clock leap detected (housekeeper delta=13m56s326ms).
2023-05-01 05:08:51.473 [MakuHikariCP housekeeper] WARN  com.zaxxer.hikari.pool.HikariPool - MakuHikariCP - Thread starvation or clock leap detected (housekeeper delta=17m2s302ms).
2023-05-01 05:25:46.927 [MakuHikariCP housekeeper] WARN  com.zaxxer.hikari.pool.HikariPool - MakuHikariCP - Thread starvation or clock leap detected (housekeeper delta=16m25s476ms).
2023-05-01 05:41:48.326 [MakuHikariCP housekeeper] WARN  com.zaxxer.hikari.pool.HikariPool - MakuHikariCP - Thread starvation or clock leap detected (housekeeper delta=15m31s383ms).
2023-05-01 05:57:55.276 [MakuHikariCP housekeeper] WARN  com.zaxxer.hikari.pool.HikariPool - MakuHikariCP - Thread starvation or clock leap detected (housekeeper delta=15m36s929ms).
2023-05-01 06:14:44.229 [MakuHikariCP housekeeper] WARN  com.zaxxer.hikari.pool.HikariPool - MakuHikariCP - Thread starvation or clock leap detected (housekeeper delta=16m48s953ms).
2023-05-01 06:32:52.216 [MakuHikariCP housekeeper] WARN  com.zaxxer.hikari.pool.HikariPool - MakuHikariCP - Thread starvation or clock leap detected (housekeeper delta=17m37s969ms).
2023-05-01 06:48:51.160 [MakuHikariCP housekeeper] WARN  com.zaxxer.hikari.pool.HikariPool - MakuHikariCP - Thread starvation or clock leap detected (housekeeper delta=15m28s935ms).
2023-05-01 07:00:12.120 [MakuHikariCP housekeeper] WARN  com.zaxxer.hikari.pool.HikariPool - MakuHikariCP - Thread starvation or clock leap detected (housekeeper delta=11m20s960ms).
2023-05-01 07:01:30.780 [MakuHikariCP housekeeper] WARN  com.zaxxer.hikari.pool.HikariPool - MakuHikariCP - Thread starvation or clock leap detected (housekeeper delta=48s669ms).
2023-05-01 07:10:54.657 [MakuHikariCP housekeeper] WARN  com.zaxxer.hikari.pool.HikariPool - MakuHikariCP - Thread starvation or clock leap detected (housekeeper delta=9m23s877ms).
2023-05-01 07:27:06.959 [MakuHikariCP housekeeper] WARN  com.zaxxer.hikari.pool.HikariPool - MakuHikariCP - Thread starvation or clock leap detected (housekeeper delta=15m42s289ms).
2023-05-01 07:43:08.921 [MakuHikariCP housekeeper] WARN  com.zaxxer.hikari.pool.HikariPool - MakuHikariCP - Thread starvation or clock leap detected (housekeeper delta=15m31s948ms).
2023-05-01 07:59:46.859 [MakuHikariCP housekeeper] WARN  com.zaxxer.hikari.pool.HikariPool - MakuHikariCP - Thread starvation or clock leap detected (housekeeper delta=16m37s938ms).
2023-05-01 08:01:53.464 [MakuHikariCP housekeeper] WARN  com.zaxxer.hikari.pool.HikariPool - MakuHikariCP - Thread starvation or clock leap detected (housekeeper delta=1m36s604ms).
2023-05-01 08:18:39.749 [MakuHikariCP housekeeper] WARN  com.zaxxer.hikari.pool.HikariPool - MakuHikariCP - Thread starvation or clock leap detected (housekeeper delta=16m16s274ms).
2023-05-01 08:24:07.288 [MakuHikariCP housekeeper] WARN  com.zaxxer.hikari.pool.HikariPool - MakuHikariCP - Thread starvation or clock leap detected (housekeeper delta=4m57s537ms).
2023-05-01 08:40:38.551 [MakuHikariCP housekeeper] WARN  com.zaxxer.hikari.pool.HikariPool - MakuHikariCP - Thread starvation or clock leap detected (housekeeper delta=16m31s262ms).
2023-05-01 08:43:35.582 [MakuHikariCP housekeeper] WARN  com.zaxxer.hikari.pool.HikariPool - MakuHikariCP - Thread starvation or clock leap detected (housekeeper delta=2m27s20ms).
2023-05-01 09:00:28.768 [MakuHikariCP housekeeper] WARN  com.zaxxer.hikari.pool.HikariPool - MakuHikariCP - Thread starvation or clock leap detected (housekeeper delta=16m53s186ms).
2023-05-01 09:16:33.647 [MakuHikariCP housekeeper] WARN  com.zaxxer.hikari.pool.HikariPool - MakuHikariCP - Thread starvation or clock leap detected (housekeeper delta=15m34s887ms).
2023-05-01 09:35:54.449 [http-nio-8080-exec-13] WARN  c.b.m.core.toolkit.support.ReflectLambdaMeta - Unable to make field private final java.lang.Class java.lang.invoke.SerializedLambda.capturingClass accessible: module java.base does not "opens java.lang.invoke" to unnamed module @8f4ea7c
2023-05-01 09:54:03.032 [http-nio-8080-exec-11] WARN  c.b.m.core.toolkit.support.ReflectLambdaMeta - Unable to make field private final java.lang.Class java.lang.invoke.SerializedLambda.capturingClass accessible: module java.base does not "opens java.lang.invoke" to unnamed module @8f4ea7c
2023-05-01 09:56:17.590 [http-nio-8080-exec-14] WARN  c.b.m.core.toolkit.support.ReflectLambdaMeta - Unable to make field private final java.lang.Class java.lang.invoke.SerializedLambda.capturingClass accessible: module java.base does not "opens java.lang.invoke" to unnamed module @8f4ea7c
2023-05-01 11:05:08.162 [MakuHikariCP housekeeper] WARN  com.zaxxer.hikari.pool.HikariPool - MakuHikariCP - Thread starvation or clock leap detected (housekeeper delta=16m35s373ms).
2023-05-01 11:20:56.135 [MakuHikariCP housekeeper] WARN  com.zaxxer.hikari.pool.HikariPool - MakuHikariCP - Thread starvation or clock leap detected (housekeeper delta=15m47s973ms).
2023-05-01 11:38:14.100 [MakuHikariCP housekeeper] WARN  com.zaxxer.hikari.pool.HikariPool - MakuHikariCP - Thread starvation or clock leap detected (housekeeper delta=16m47s927ms).
2023-05-01 11:40:06.055 [MakuHikariCP housekeeper] WARN  com.zaxxer.hikari.pool.HikariPool - MakuHikariCP - Thread starvation or clock leap detected (housekeeper delta=1m21s960ms).
2023-05-01 11:56:23.000 [MakuHikariCP housekeeper] WARN  com.zaxxer.hikari.pool.HikariPool - MakuHikariCP - Thread starvation or clock leap detected (housekeeper delta=15m46s936ms).
2023-05-01 12:12:24.941 [MakuHikariCP housekeeper] WARN  com.zaxxer.hikari.pool.HikariPool - MakuHikariCP - Thread starvation or clock leap detected (housekeeper delta=16m1s941ms).
2023-05-01 12:29:28.848 [MakuHikariCP housekeeper] WARN  com.zaxxer.hikari.pool.HikariPool - MakuHikariCP - Thread starvation or clock leap detected (housekeeper delta=16m33s917ms).
2023-05-01 12:47:46.699 [MakuHikariCP housekeeper] WARN  com.zaxxer.hikari.pool.HikariPool - MakuHikariCP - Thread starvation or clock leap detected (housekeeper delta=17m14s183ms).
2023-05-01 13:04:41.264 [MakuHikariCP housekeeper] WARN  com.zaxxer.hikari.pool.HikariPool - MakuHikariCP - Thread starvation or clock leap detected (housekeeper delta=16m54s565ms).
2023-05-01 13:21:33.183 [MakuHikariCP housekeeper] WARN  com.zaxxer.hikari.pool.HikariPool - MakuHikariCP - Thread starvation or clock leap detected (housekeeper delta=16m21s908ms).
2023-05-01 13:40:21.067 [MakuHikariCP housekeeper] WARN  com.zaxxer.hikari.pool.HikariPool - MakuHikariCP - Thread starvation or clock leap detected (housekeeper delta=18m17s858ms).
2023-05-01 13:58:05.027 [MakuHikariCP housekeeper] WARN  com.zaxxer.hikari.pool.HikariPool - MakuHikariCP - Thread starvation or clock leap detected (housekeeper delta=17m13s939ms).
2023-05-01 14:15:31.937 [MakuHikariCP housekeeper] WARN  com.zaxxer.hikari.pool.HikariPool - MakuHikariCP - Thread starvation or clock leap detected (housekeeper delta=17m26s909ms).
2023-05-01 14:17:54.220 [MakuHikariCP housekeeper] WARN  com.zaxxer.hikari.pool.HikariPool - MakuHikariCP - Thread starvation or clock leap detected (housekeeper delta=48s291ms).
2023-05-01 14:33:58.592 [MakuHikariCP housekeeper] WARN  com.zaxxer.hikari.pool.HikariPool - MakuHikariCP - Thread starvation or clock leap detected (housekeeper delta=16m4s372ms).
2023-05-01 14:49:37.016 [MakuHikariCP housekeeper] WARN  com.zaxxer.hikari.pool.HikariPool - MakuHikariCP - Thread starvation or clock leap detected (housekeeper delta=1m6s597ms).
2023-05-01 14:58:04.609 [MakuHikariCP housekeeper] WARN  com.zaxxer.hikari.pool.HikariPool - MakuHikariCP - Thread starvation or clock leap detected (housekeeper delta=7m57s578ms).
2023-05-01 15:13:55.547 [MakuHikariCP housekeeper] WARN  com.zaxxer.hikari.pool.HikariPool - MakuHikariCP - Thread starvation or clock leap detected (housekeeper delta=15m50s937ms).
2023-05-01 15:19:41.231 [MakuHikariCP housekeeper] WARN  com.zaxxer.hikari.pool.HikariPool - MakuHikariCP - Thread starvation or clock leap detected (housekeeper delta=5m15s674ms).
2023-05-01 15:23:09.724 [MakuHikariCP housekeeper] WARN  com.zaxxer.hikari.pool.HikariPool - MakuHikariCP - Thread starvation or clock leap detected (housekeeper delta=2m58s481ms).
2023-05-01 15:44:01.509 [MakuHikariCP housekeeper] WARN  com.zaxxer.hikari.pool.HikariPool - MakuHikariCP - Thread starvation or clock leap detected (housekeeper delta=4m50s142ms).
2023-05-01 15:47:05.199 [MakuHikariCP housekeeper] WARN  com.zaxxer.hikari.pool.HikariPool - MakuHikariCP - Thread starvation or clock leap detected (housekeeper delta=2m33s678ms).
2023-05-01 16:54:06.677 [MakuHikariCP housekeeper] WARN  com.zaxxer.hikari.pool.HikariPool - MakuHikariCP - Thread starvation or clock leap detected (housekeeper delta=1m986ms).
2023-05-01 17:00:05.054 [MakuHikariCP housekeeper] WARN  com.zaxxer.hikari.pool.HikariPool - MakuHikariCP - Thread starvation or clock leap detected (housekeeper delta=5m28s367ms).
2023-05-01 17:05:34.009 [MakuHikariCP housekeeper] WARN  com.zaxxer.hikari.pool.HikariPool - MakuHikariCP - Thread starvation or clock leap detected (housekeeper delta=5m28s955ms).
2023-05-01 17:11:32.951 [MakuHikariCP housekeeper] WARN  com.zaxxer.hikari.pool.HikariPool - MakuHikariCP - Thread starvation or clock leap detected (housekeeper delta=5m28s937ms).
2023-05-01 17:17:01.898 [MakuHikariCP housekeeper] WARN  com.zaxxer.hikari.pool.HikariPool - MakuHikariCP - Thread starvation or clock leap detected (housekeeper delta=5m28s947ms).
2023-05-01 17:23:00.791 [MakuHikariCP housekeeper] WARN  com.zaxxer.hikari.pool.HikariPool - MakuHikariCP - Thread starvation or clock leap detected (housekeeper delta=5m28s888ms).
2023-05-01 17:28:29.701 [MakuHikariCP housekeeper] WARN  com.zaxxer.hikari.pool.HikariPool - MakuHikariCP - Thread starvation or clock leap detected (housekeeper delta=5m28s910ms).
2023-05-01 17:34:27.978 [MakuHikariCP housekeeper] WARN  com.zaxxer.hikari.pool.HikariPool - MakuHikariCP - Thread starvation or clock leap detected (housekeeper delta=5m28s278ms).
2023-05-01 17:38:15.487 [MakuHikariCP housekeeper] WARN  com.zaxxer.hikari.pool.HikariPool - MakuHikariCP - Thread starvation or clock leap detected (housekeeper delta=3m17s503ms).
2023-05-01 17:43:43.835 [MakuHikariCP housekeeper] WARN  com.zaxxer.hikari.pool.HikariPool - MakuHikariCP - Thread starvation or clock leap detected (housekeeper delta=5m28s348ms).
2023-05-01 17:49:42.792 [MakuHikariCP housekeeper] WARN  com.zaxxer.hikari.pool.HikariPool - MakuHikariCP - Thread starvation or clock leap detected (housekeeper delta=5m28s946ms).
2023-05-01 17:55:10.988 [MakuHikariCP housekeeper] WARN  com.zaxxer.hikari.pool.HikariPool - MakuHikariCP - Thread starvation or clock leap detected (housekeeper delta=5m28s196ms).
2023-05-01 18:01:09.947 [MakuHikariCP housekeeper] WARN  com.zaxxer.hikari.pool.HikariPool - MakuHikariCP - Thread starvation or clock leap detected (housekeeper delta=5m28s949ms).
2023-05-01 18:07:08.893 [MakuHikariCP housekeeper] WARN  com.zaxxer.hikari.pool.HikariPool - MakuHikariCP - Thread starvation or clock leap detected (housekeeper delta=5m28s929ms).
2023-05-01 18:12:37.874 [MakuHikariCP housekeeper] WARN  com.zaxxer.hikari.pool.HikariPool - MakuHikariCP - Thread starvation or clock leap detected (housekeeper delta=5m28s982ms).
2023-05-01 18:18:36.594 [MakuHikariCP housekeeper] WARN  com.zaxxer.hikari.pool.HikariPool - MakuHikariCP - Thread starvation or clock leap detected (housekeeper delta=5m28s716ms).
2023-05-01 18:24:35.592 [MakuHikariCP housekeeper] WARN  com.zaxxer.hikari.pool.HikariPool - MakuHikariCP - Thread starvation or clock leap detected (housekeeper delta=5m28s993ms).
2023-05-01 18:30:04.548 [MakuHikariCP housekeeper] WARN  com.zaxxer.hikari.pool.HikariPool - MakuHikariCP - Thread starvation or clock leap detected (housekeeper delta=5m28s956ms).
2023-05-01 18:36:03.527 [MakuHikariCP housekeeper] WARN  com.zaxxer.hikari.pool.HikariPool - MakuHikariCP - Thread starvation or clock leap detected (housekeeper delta=5m28s962ms).
2023-05-01 18:42:02.333 [MakuHikariCP housekeeper] WARN  com.zaxxer.hikari.pool.HikariPool - MakuHikariCP - Thread starvation or clock leap detected (housekeeper delta=5m28s788ms).
2023-05-01 18:46:39.168 [MakuHikariCP housekeeper] WARN  com.zaxxer.hikari.pool.HikariPool - MakuHikariCP - Thread starvation or clock leap detected (housekeeper delta=4m36s834ms).
2023-05-01 18:52:37.236 [MakuHikariCP housekeeper] WARN  com.zaxxer.hikari.pool.HikariPool - MakuHikariCP - Thread starvation or clock leap detected (housekeeper delta=5m28s57ms).
2023-05-01 18:58:05.128 [MakuHikariCP housekeeper] WARN  com.zaxxer.hikari.pool.HikariPool - MakuHikariCP - Thread starvation or clock leap detected (housekeeper delta=5m27s892ms).
2023-05-01 19:04:03.101 [MakuHikariCP housekeeper] WARN  com.zaxxer.hikari.pool.HikariPool - MakuHikariCP - Thread starvation or clock leap detected (housekeeper delta=5m27s963ms).
2023-05-01 19:09:31.058 [MakuHikariCP housekeeper] WARN  com.zaxxer.hikari.pool.HikariPool - MakuHikariCP - Thread starvation or clock leap detected (housekeeper delta=5m27s957ms).
2023-05-01 19:15:28.980 [MakuHikariCP housekeeper] WARN  com.zaxxer.hikari.pool.HikariPool - MakuHikariCP - Thread starvation or clock leap detected (housekeeper delta=5m27s908ms).
2023-05-01 19:21:26.902 [MakuHikariCP housekeeper] WARN  com.zaxxer.hikari.pool.HikariPool - MakuHikariCP - Thread starvation or clock leap detected (housekeeper delta=5m27s916ms).
2023-05-01 19:27:24.853 [MakuHikariCP housekeeper] WARN  com.zaxxer.hikari.pool.HikariPool - MakuHikariCP - Thread starvation or clock leap detected (housekeeper delta=5m27s945ms).
2023-05-01 19:32:52.826 [MakuHikariCP housekeeper] WARN  com.zaxxer.hikari.pool.HikariPool - MakuHikariCP - Thread starvation or clock leap detected (housekeeper delta=5m27s974ms).
2023-05-01 19:38:50.786 [MakuHikariCP housekeeper] WARN  com.zaxxer.hikari.pool.HikariPool - MakuHikariCP - Thread starvation or clock leap detected (housekeeper delta=5m27s962ms).
2023-05-01 19:44:18.889 [MakuHikariCP housekeeper] WARN  com.zaxxer.hikari.pool.HikariPool - MakuHikariCP - Thread starvation or clock leap detected (housekeeper delta=5m28s103ms).
2023-05-01 19:50:16.835 [MakuHikariCP housekeeper] WARN  com.zaxxer.hikari.pool.HikariPool - MakuHikariCP - Thread starvation or clock leap detected (housekeeper delta=5m27s934ms).
2023-05-01 19:53:20.792 [MakuHikariCP housekeeper] WARN  com.zaxxer.hikari.pool.HikariPool - MakuHikariCP - Thread starvation or clock leap detected (housekeeper delta=2m33s950ms).
2023-05-01 19:58:48.726 [MakuHikariCP housekeeper] WARN  com.zaxxer.hikari.pool.HikariPool - MakuHikariCP - Thread starvation or clock leap detected (housekeeper delta=5m27s934ms).
2023-05-01 20:04:46.658 [MakuHikariCP housekeeper] WARN  com.zaxxer.hikari.pool.HikariPool - MakuHikariCP - Thread starvation or clock leap detected (housekeeper delta=5m27s936ms).
2023-05-01 20:10:14.627 [MakuHikariCP housekeeper] WARN  com.zaxxer.hikari.pool.HikariPool - MakuHikariCP - Thread starvation or clock leap detected (housekeeper delta=5m27s969ms).
2023-05-01 20:16:12.524 [MakuHikariCP housekeeper] WARN  com.zaxxer.hikari.pool.HikariPool - MakuHikariCP - Thread starvation or clock leap detected (housekeeper delta=5m27s882ms).
2023-05-01 20:22:10.474 [MakuHikariCP housekeeper] WARN  com.zaxxer.hikari.pool.HikariPool - MakuHikariCP - Thread starvation or clock leap detected (housekeeper delta=5m27s949ms).
2023-05-01 20:27:38.419 [MakuHikariCP housekeeper] WARN  com.zaxxer.hikari.pool.HikariPool - MakuHikariCP - Thread starvation or clock leap detected (housekeeper delta=5m27s945ms).
2023-05-01 20:33:36.362 [MakuHikariCP housekeeper] WARN  com.zaxxer.hikari.pool.HikariPool - MakuHikariCP - Thread starvation or clock leap detected (housekeeper delta=5m27s940ms).
2023-05-01 20:39:34.337 [MakuHikariCP housekeeper] WARN  com.zaxxer.hikari.pool.HikariPool - MakuHikariCP - Thread starvation or clock leap detected (housekeeper delta=5m27s968ms).
2023-05-01 20:45:02.257 [MakuHikariCP housekeeper] WARN  com.zaxxer.hikari.pool.HikariPool - MakuHikariCP - Thread starvation or clock leap detected (housekeeper delta=5m27s919ms).
2023-05-01 20:51:00.221 [MakuHikariCP housekeeper] WARN  com.zaxxer.hikari.pool.HikariPool - MakuHikariCP - Thread starvation or clock leap detected (housekeeper delta=5m27s960ms).
2023-05-01 20:56:28.159 [MakuHikariCP housekeeper] WARN  com.zaxxer.hikari.pool.HikariPool - MakuHikariCP - Thread starvation or clock leap detected (housekeeper delta=5m27s937ms).
2023-05-01 20:56:56.196 [MakuHikariCP housekeeper] WARN  com.zaxxer.hikari.pool.HikariPool - MakuHikariCP - Retrograde clock change detected (housekeeper delta=28s38ms), soft-evicting connections from pool.
2023-05-01 21:02:24.130 [MakuHikariCP housekeeper] WARN  com.zaxxer.hikari.pool.HikariPool - MakuHikariCP - Thread starvation or clock leap detected (housekeeper delta=5m27s934ms).
2023-05-01 21:18:24.669 [MakuHikariCP housekeeper] WARN  com.zaxxer.hikari.pool.HikariPool - MakuHikariCP - Thread starvation or clock leap detected (housekeeper delta=4m27s955ms).
