2023-04-25 00:09:05.204 [MakuHikariCP housekeeper] WARN  com.zaxxer.hikari.pool.HikariPool - MakuHikariCP - Thread starvation or clock leap detected (housekeeper delta=16m30s925ms).
2023-04-25 00:26:11.005 [MakuHikariCP housekeeper] WARN  com.zaxxer.hikari.pool.HikariPool - MakuHikariCP - Thread starvation or clock leap detected (housekeeper delta=16m35s762ms).
2023-04-25 00:43:38.024 [MakuHikariCP housekeeper] WARN  com.zaxxer.hikari.pool.HikariPool - MakuHikariCP - Thread starvation or clock leap detected (housekeeper delta=17m27s19ms).
2023-04-25 01:00:03.499 [MakuHikariCP housekeeper] WARN  com.zaxxer.hikari.pool.HikariPool - MakuHikariCP - Thread starvation or clock leap detected (housekeeper delta=15m55s473ms).
2023-04-25 01:32:10.630 [MakuHikariCP housekeeper] WARN  com.zaxxer.hikari.pool.HikariPool - MakuHikariCP - Thread starvation or clock leap detected (housekeeper delta=16m6s928ms).
2023-04-25 01:49:31.242 [MakuHikariCP housekeeper] WARN  com.zaxxer.hikari.pool.HikariPool - MakuHikariCP - Thread starvation or clock leap detected (housekeeper delta=17m20s612ms).
2023-04-25 02:06:38.143 [MakuHikariCP housekeeper] WARN  com.zaxxer.hikari.pool.HikariPool - MakuHikariCP - Thread starvation or clock leap detected (housekeeper delta=16m36s891ms).
2023-04-25 03:11:09.404 [MakuHikariCP housekeeper] WARN  com.zaxxer.hikari.pool.HikariPool - MakuHikariCP - Thread starvation or clock leap detected (housekeeper delta=16m30s586ms).
2023-04-25 03:29:07.599 [MakuHikariCP housekeeper] WARN  com.zaxxer.hikari.pool.HikariPool - MakuHikariCP - Thread starvation or clock leap detected (housekeeper delta=17m28s186ms).
2023-04-25 03:45:24.553 [MakuHikariCP housekeeper] WARN  com.zaxxer.hikari.pool.HikariPool - MakuHikariCP - Thread starvation or clock leap detected (housekeeper delta=15m16s948ms).
2023-04-25 04:03:07.240 [MakuHikariCP housekeeper] WARN  com.zaxxer.hikari.pool.HikariPool - MakuHikariCP - Thread starvation or clock leap detected (housekeeper delta=17m12s681ms).
2023-04-25 04:35:25.811 [MakuHikariCP housekeeper] WARN  com.zaxxer.hikari.pool.HikariPool - MakuHikariCP - Thread starvation or clock leap detected (housekeeper delta=17m18s348ms).
2023-04-25 04:51:03.192 [MakuHikariCP housekeeper] WARN  com.zaxxer.hikari.pool.HikariPool - MakuHikariCP - Thread starvation or clock leap detected (housekeeper delta=15m37s382ms).
2023-04-25 05:08:08.817 [MakuHikariCP housekeeper] WARN  com.zaxxer.hikari.pool.HikariPool - MakuHikariCP - Thread starvation or clock leap detected (housekeeper delta=16m35s616ms).
2023-04-25 05:25:35.252 [MakuHikariCP housekeeper] WARN  com.zaxxer.hikari.pool.HikariPool - MakuHikariCP - Thread starvation or clock leap detected (housekeeper delta=16m26s421ms).
2023-04-25 05:41:10.541 [MakuHikariCP housekeeper] WARN  com.zaxxer.hikari.pool.HikariPool - MakuHikariCP - Thread starvation or clock leap detected (housekeeper delta=15m35s289ms).
2023-04-25 05:57:52.792 [MakuHikariCP housekeeper] WARN  com.zaxxer.hikari.pool.HikariPool - MakuHikariCP - Thread starvation or clock leap detected (housekeeper delta=16m12s248ms).
2023-04-25 06:14:44.611 [MakuHikariCP housekeeper] WARN  com.zaxxer.hikari.pool.HikariPool - MakuHikariCP - Thread starvation or clock leap detected (housekeeper delta=16m21s805ms).
2023-04-25 06:31:16.697 [MakuHikariCP housekeeper] WARN  com.zaxxer.hikari.pool.HikariPool - MakuHikariCP - Thread starvation or clock leap detected (housekeeper delta=16m32s87ms).
2023-04-25 06:47:26.215 [MakuHikariCP housekeeper] WARN  com.zaxxer.hikari.pool.HikariPool - MakuHikariCP - Thread starvation or clock leap detected (housekeeper delta=15m39s516ms).
2023-04-25 07:00:12.414 [MakuHikariCP housekeeper] WARN  com.zaxxer.hikari.pool.HikariPool - MakuHikariCP - Thread starvation or clock leap detected (housekeeper delta=12m16s191ms).
2023-04-25 07:02:39.927 [MakuHikariCP housekeeper] WARN  com.zaxxer.hikari.pool.HikariPool - MakuHikariCP - Thread starvation or clock leap detected (housekeeper delta=1m57s507ms).
2023-04-25 07:19:54.416 [MakuHikariCP housekeeper] WARN  com.zaxxer.hikari.pool.HikariPool - MakuHikariCP - Thread starvation or clock leap detected (housekeeper delta=16m44s486ms).
2023-04-25 07:49:55.000 [MakuHikariCP housekeeper] WARN  com.zaxxer.hikari.pool.HikariPool - MakuHikariCP - Thread starvation or clock leap detected (housekeeper delta=15m30s383ms).
2023-04-25 08:06:24.674 [MakuHikariCP housekeeper] WARN  com.zaxxer.hikari.pool.HikariPool - MakuHikariCP - Thread starvation or clock leap detected (housekeeper delta=15m29s659ms).
2023-04-25 08:24:23.086 [MakuHikariCP housekeeper] WARN  com.zaxxer.hikari.pool.HikariPool - MakuHikariCP - Thread starvation or clock leap detected (housekeeper delta=17m28s399ms).
2023-04-25 08:41:35.961 [MakuHikariCP housekeeper] WARN  com.zaxxer.hikari.pool.HikariPool - MakuHikariCP - Thread starvation or clock leap detected (housekeeper delta=17m12s874ms).
2023-04-25 08:47:40.644 [MakuHikariCP housekeeper] WARN  com.zaxxer.hikari.pool.HikariPool - MakuHikariCP - Thread starvation or clock leap detected (housekeeper delta=5m34s670ms).
2023-04-25 09:03:40.358 [MakuHikariCP housekeeper] WARN  com.zaxxer.hikari.pool.HikariPool - MakuHikariCP - Retrograde clock change detected (housekeeper delta=29s594ms), soft-evicting connections from pool.
2023-04-25 09:25:11.981 [MakuHikariCP housekeeper] WARN  com.zaxxer.hikari.pool.HikariPool - MakuHikariCP - Thread starvation or clock leap detected (housekeeper delta=8m1s465ms).
2023-04-25 09:37:29.103 [MakuHikariCP housekeeper] WARN  com.zaxxer.hikari.pool.HikariPool - MakuHikariCP - Thread starvation or clock leap detected (housekeeper delta=11m47s138ms).
2023-04-25 09:50:09.736 [MakuHikariCP housekeeper] WARN  com.zaxxer.hikari.pool.HikariPool - MakuHikariCP - Thread starvation or clock leap detected (housekeeper delta=12m40s633ms).
2023-04-25 10:07:33.061 [MakuHikariCP housekeeper] WARN  com.zaxxer.hikari.pool.HikariPool - MakuHikariCP - Thread starvation or clock leap detected (housekeeper delta=17m23s325ms).
2023-04-25 10:27:50.761 [MakuHikariCP housekeeper] WARN  com.zaxxer.hikari.pool.HikariPool - MakuHikariCP - Thread starvation or clock leap detected (housekeeper delta=17m47s667ms).
2023-04-25 10:46:02.174 [MakuHikariCP housekeeper] WARN  com.zaxxer.hikari.pool.HikariPool - MakuHikariCP - Thread starvation or clock leap detected (housekeeper delta=15m41s377ms).
2023-04-25 11:06:11.814 [MakuHikariCP housekeeper] WARN  com.zaxxer.hikari.pool.HikariPool - MakuHikariCP - Thread starvation or clock leap detected (housekeeper delta=17m39s610ms).
2023-04-25 11:26:01.448 [MakuHikariCP housekeeper] WARN  com.zaxxer.hikari.pool.HikariPool - MakuHikariCP - Thread starvation or clock leap detected (housekeeper delta=17m19s600ms).
2023-04-25 11:44:25.063 [MakuHikariCP housekeeper] WARN  com.zaxxer.hikari.pool.HikariPool - MakuHikariCP - Thread starvation or clock leap detected (housekeeper delta=15m53s584ms).
2023-04-25 11:58:29.234 [MakuHikariCP housekeeper] WARN  com.zaxxer.hikari.pool.HikariPool - MakuHikariCP - Thread starvation or clock leap detected (housekeeper delta=13m34s39ms).
2023-04-25 12:15:53.317 [MakuHikariCP housekeeper] WARN  com.zaxxer.hikari.pool.HikariPool - MakuHikariCP - Thread starvation or clock leap detected (housekeeper delta=16m54s75ms).
2023-04-25 12:30:24.761 [MakuHikariCP housekeeper] WARN  com.zaxxer.hikari.pool.HikariPool - MakuHikariCP - Thread starvation or clock leap detected (housekeeper delta=14m31s444ms).
2023-04-25 12:47:50.037 [MakuHikariCP housekeeper] WARN  com.zaxxer.hikari.pool.HikariPool - MakuHikariCP - Thread starvation or clock leap detected (housekeeper delta=16m55s254ms).
2023-04-25 13:05:21.845 [MakuHikariCP housekeeper] WARN  com.zaxxer.hikari.pool.HikariPool - MakuHikariCP - Thread starvation or clock leap detected (housekeeper delta=16m28s415ms).
2023-04-25 13:10:14.627 [MakuHikariCP housekeeper] WARN  com.zaxxer.hikari.pool.HikariPool - MakuHikariCP - Thread starvation or clock leap detected (housekeeper delta=4m22s780ms).
2023-04-25 13:16:08.257 [MakuHikariCP housekeeper] WARN  com.zaxxer.hikari.pool.HikariPool - MakuHikariCP - Thread starvation or clock leap detected (housekeeper delta=5m23s617ms).
2023-04-25 14:11:46.442 [main] WARN  o.s.b.w.s.c.AnnotationConfigServletWebServerApplicationContext - Exception encountered during context initialization - cancelling refresh attempt: org.springframework.context.ApplicationContextException: Failed to start bean 'webServerStartStop'
2023-04-25 17:16:52.500 [MakuHikariCP housekeeper] WARN  com.zaxxer.hikari.pool.HikariPool - MakuHikariCP - Thread starvation or clock leap detected (housekeeper delta=4m43s282ms).
2023-04-25 17:17:47.481 [MakuHikariCP housekeeper] WARN  com.zaxxer.hikari.pool.HikariPool - MakuHikariCP - Thread starvation or clock leap detected (housekeeper delta=54s982ms).
2023-04-25 17:28:03.187 [MakuHikariCP housekeeper] WARN  com.zaxxer.hikari.pool.HikariPool - MakuHikariCP - Thread starvation or clock leap detected (housekeeper delta=10m15s706ms).
2023-04-25 17:45:36.763 [MakuHikariCP housekeeper] WARN  com.zaxxer.hikari.pool.HikariPool - MakuHikariCP - Thread starvation or clock leap detected (housekeeper delta=17m33s576ms).
2023-04-25 17:57:45.096 [MakuHikariCP housekeeper] WARN  com.zaxxer.hikari.pool.HikariPool - MakuHikariCP - Thread starvation or clock leap detected (housekeeper delta=12m8s333ms).
2023-04-25 18:00:43.264 [MakuHikariCP housekeeper] WARN  com.zaxxer.hikari.pool.HikariPool - MakuHikariCP - Thread starvation or clock leap detected (housekeeper delta=2m58s168ms).
2023-04-25 18:01:42.787 [MakuHikariCP housekeeper] WARN  com.zaxxer.hikari.pool.HikariPool - MakuHikariCP - Thread starvation or clock leap detected (housekeeper delta=59s522ms).
2023-04-25 18:05:50.458 [MakuHikariCP housekeeper] WARN  com.zaxxer.hikari.pool.HikariPool - MakuHikariCP - Thread starvation or clock leap detected (housekeeper delta=4m7s672ms).
2023-04-25 19:12:09.269 [MakuHikariCP housekeeper] WARN  com.zaxxer.hikari.pool.HikariPool - MakuHikariCP - Thread starvation or clock leap detected (housekeeper delta=2m48s282ms).
2023-04-25 19:23:31.882 [MakuHikariCP housekeeper] WARN  com.zaxxer.hikari.pool.HikariPool - MakuHikariCP - Thread starvation or clock leap detected (housekeeper delta=11m22s613ms).
2023-04-25 19:28:38.009 [MakuHikariCP housekeeper] WARN  com.zaxxer.hikari.pool.HikariPool - MakuHikariCP - Thread starvation or clock leap detected (housekeeper delta=5m6s127ms).
2023-04-25 19:29:46.526 [MakuHikariCP housekeeper] WARN  com.zaxxer.hikari.pool.HikariPool - MakuHikariCP - Thread starvation or clock leap detected (housekeeper delta=1m8s517ms).
2023-04-25 19:41:46.447 [MakuHikariCP housekeeper] WARN  com.zaxxer.hikari.pool.HikariPool - MakuHikariCP - Thread starvation or clock leap detected (housekeeper delta=11m59s921ms).
2023-04-25 20:11:30.410 [MakuHikariCP housekeeper] WARN  com.zaxxer.hikari.pool.HikariPool - MakuHikariCP - Thread starvation or clock leap detected (housekeeper delta=2m43s688ms).
2023-04-25 20:23:52.087 [MakuHikariCP housekeeper] WARN  com.zaxxer.hikari.pool.HikariPool - MakuHikariCP - Thread starvation or clock leap detected (housekeeper delta=12m21s677ms).
2023-04-25 20:35:19.338 [MakuHikariCP housekeeper] WARN  com.zaxxer.hikari.pool.HikariPool - MakuHikariCP - Thread starvation or clock leap detected (housekeeper delta=10m57s239ms).
2023-04-25 22:17:24.437 [MakuHikariCP housekeeper] WARN  com.zaxxer.hikari.pool.HikariPool - MakuHikariCP - Thread starvation or clock leap detected (housekeeper delta=2m16s747ms).
2023-04-25 22:24:29.719 [MakuHikariCP housekeeper] WARN  com.zaxxer.hikari.pool.HikariPool - MakuHikariCP - Thread starvation or clock leap detected (housekeeper delta=5m29s103ms).
2023-04-25 22:25:30.447 [MakuHikariCP housekeeper] WARN  com.zaxxer.hikari.pool.HikariPool - MakuHikariCP - Thread starvation or clock leap detected (housekeeper delta=1m728ms).
2023-04-25 22:31:28.527 [MakuHikariCP housekeeper] WARN  com.zaxxer.hikari.pool.HikariPool - MakuHikariCP - Thread starvation or clock leap detected (housekeeper delta=5m28s70ms).
2023-04-25 22:36:56.397 [MakuHikariCP housekeeper] WARN  com.zaxxer.hikari.pool.HikariPool - MakuHikariCP - Thread starvation or clock leap detected (housekeeper delta=5m27s870ms).
2023-04-25 22:42:54.330 [MakuHikariCP housekeeper] WARN  com.zaxxer.hikari.pool.HikariPool - MakuHikariCP - Thread starvation or clock leap detected (housekeeper delta=5m27s916ms).
2023-04-25 22:48:22.313 [MakuHikariCP housekeeper] WARN  com.zaxxer.hikari.pool.HikariPool - MakuHikariCP - Thread starvation or clock leap detected (housekeeper delta=5m27s983ms).
2023-04-25 22:54:20.461 [MakuHikariCP housekeeper] WARN  com.zaxxer.hikari.pool.HikariPool - MakuHikariCP - Thread starvation or clock leap detected (housekeeper delta=5m28s137ms).
2023-04-25 23:13:55.237 [MakuHikariCP housekeeper] WARN  com.zaxxer.hikari.pool.HikariPool - MakuHikariCP - Thread starvation or clock leap detected (housekeeper delta=18m34s751ms).
2023-04-25 23:47:08.654 [MakuHikariCP housekeeper] WARN  com.zaxxer.hikari.pool.HikariPool - MakuHikariCP - Thread starvation or clock leap detected (housekeeper delta=33m13s417ms).
